<?xml version="1.0" encoding="utf-8"?>
<CoverageSession>
  <Summary numSequencePoints="2238" visitedSequencePoints="2181" numBranchPoints="598" visitedBranchPoints="471" sequenceCoverage="97.45" branchCoverage="78.76" maxCyclomaticComplexity="681" minCyclomaticComplexity="681" visitedClasses="138" numClasses="138" visitedMethods="175" numMethods="175" />
  <Modules>
    <Module hash="8E7F9A6A-7EB1-49F8-81E8-CD28B0CF253A">
      <ModulePath>SpeedClaim.Api.dll</ModulePath>
      <ModuleTime>2026-06-10T05:17:46</ModuleTime>
      <ModuleName>SpeedClaim.Api</ModuleName>
      <Files>
        <File uid="1" fullPath="/Users/davishe/workspace/InsuranceApp/backend/SpeedClaim.Api/Services/AgentService.cs" />
        <File uid="2" fullPath="/Users/davishe/workspace/InsuranceApp/backend/SpeedClaim.Api/Services/AuthService.cs" />
        <File uid="3" fullPath="/Users/davishe/workspace/InsuranceApp/backend/SpeedClaim.Api/Services/ClaimService.cs" />
        <File uid="4" fullPath="/Users/davishe/workspace/InsuranceApp/backend/SpeedClaim.Api/Services/EmailService.cs" />
        <File uid="5" fullPath="/Users/davishe/workspace/InsuranceApp/backend/SpeedClaim.Api/Services/FinanceService.cs" />
        <File uid="6" fullPath="/Users/davishe/workspace/InsuranceApp/backend/SpeedClaim.Api/Services/GrievanceService.cs" />
        <File uid="7" fullPath="/Users/davishe/workspace/InsuranceApp/backend/SpeedClaim.Api/Services/JwtService.cs" />
        <File uid="8" fullPath="/Users/davishe/workspace/InsuranceApp/backend/SpeedClaim.Api/Services/LocalStorageService.cs" />
        <File uid="9" fullPath="/Users/davishe/workspace/InsuranceApp/backend/SpeedClaim.Api/Services/NotificationService.cs" />
        <File uid="10" fullPath="/Users/davishe/workspace/InsuranceApp/backend/SpeedClaim.Api/Services/PolicyService.cs" />
        <File uid="11" fullPath="/Users/davishe/workspace/InsuranceApp/backend/SpeedClaim.Api/Services/ProductService.cs" />
        <File uid="12" fullPath="/Users/davishe/workspace/InsuranceApp/backend/SpeedClaim.Api/Services/ProposalService.cs" />
        <File uid="13" fullPath="/Users/davishe/workspace/InsuranceApp/backend/SpeedClaim.Api/Services/SystemService.cs" />
        <File uid="14" fullPath="/Users/davishe/workspace/InsuranceApp/backend/SpeedClaim.Api/Services/UserService.cs" />
      </Files>
      <Classes>
        <Class>
          <Summary numSequencePoints="4" visitedSequencePoints="4" numBranchPoints="0" visitedBranchPoints="0" sequenceCoverage="100" branchCoverage="100" maxCyclomaticComplexity="1" minCyclomaticComplexity="1" visitedClasses="1" numClasses="1" visitedMethods="1" numMethods="1" />
          <FullName>SpeedClaim.Api.Services.AgentService</FullName>
          <Methods>
            <Method cyclomaticComplexity="1" nPathComplexity="1" sequenceCoverage="100" branchCoverage="100" isConstructor="True" isGetter="False" isSetter="False" isStatic="True">
              <Summary numSequencePoints="4" visitedSequencePoints="4" numBranchPoints="0" visitedBranchPoints="0" sequenceCoverage="100" branchCoverage="100" maxCyclomaticComplexity="1" minCyclomaticComplexity="1" visitedClasses="0" numClasses="0" visitedMethods="1" numMethods="1" />
              <MetadataToken />
              <Name>System.Void SpeedClaim.Api.Services.AgentService::.ctor(SpeedClaim.Api.Interfaces.IUnitOfWork)</Name>
              <FileRef uid="1" />
              <SequencePoints>
                <SequencePoint vc="16" uspid="17" ordinal="0" sl="17" sc="1" el="17" ec="2" bec="0" bev="0" fileid="1" />
                <SequencePoint vc="16" uspid="18" ordinal="1" sl="18" sc="1" el="18" ec="2" bec="0" bev="0" fileid="1" />
                <SequencePoint vc="16" uspid="19" ordinal="2" sl="19" sc="1" el="19" ec="2" bec="0" bev="0" fileid="1" />
                <SequencePoint vc="16" uspid="20" ordinal="3" sl="20" sc="1" el="20" ec="2" bec="0" bev="0" fileid="1" />
              </SequencePoints>
              <BranchPoints />
              <MethodPoint vc="4" uspid="0" p8:type="SequencePoint" ordinal="0" offset="0" sc="0" sl="17" ec="1" el="20" bec="0" bev="0" fileid="1" xmlns:p8="xsi" />
            </Method>
          </Methods>
        </Class>
        <Class>
          <Summary numSequencePoints="8" visitedSequencePoints="8" numBranchPoints="2" visitedBranchPoints="0" sequenceCoverage="100" branchCoverage="0" maxCyclomaticComplexity="2" minCyclomaticComplexity="1" visitedClasses="1" numClasses="1" visitedMethods="8" numMethods="8" />
          <FullName>SpeedClaim.Api.Services.AgentService/&lt;&gt;c</FullName>
          <Methods>
            <Method cyclomaticComplexity="1" nPathComplexity="1" sequenceCoverage="100" branchCoverage="100" isConstructor="False" isGetter="False" isSetter="False" isStatic="True">
              <Summary numSequencePoints="1" visitedSequencePoints="1" numBranchPoints="0" visitedBranchPoints="0" sequenceCoverage="100" branchCoverage="100" maxCyclomaticComplexity="1" minCyclomaticComplexity="1" visitedClasses="0" numClasses="0" visitedMethods="1" numMethods="1" />
              <MetadataToken />
              <Name>System.Guid SpeedClaim.Api.Services.AgentService/&lt;&gt;c::&lt;GetAssignedCustomersAsync&gt;b__2_0(SpeedClaim.Api.Models.Proposal)</Name>
              <FileRef uid="1" />
              <SequencePoints>
                <SequencePoint vc="2" uspid="29" ordinal="0" sl="29" sc="1" el="29" ec="2" bec="0" bev="0" fileid="1" />
              </SequencePoints>
              <BranchPoints />
              <MethodPoint vc="1" uspid="0" p8:type="SequencePoint" ordinal="0" offset="0" sc="0" sl="29" ec="1" el="29" bec="0" bev="0" fileid="1" xmlns:p8="xsi" />
            </Method>
            <Method cyclomaticComplexity="1" nPathComplexity="1" sequenceCoverage="100" branchCoverage="100" isConstructor="False" isGetter="False" isSetter="False" isStatic="True">
              <Summary numSequencePoints="1" visitedSequencePoints="1" numBranchPoints="0" visitedBranchPoints="0" sequenceCoverage="100" branchCoverage="100" maxCyclomaticComplexity="1" minCyclomaticComplexity="1" visitedClasses="0" numClasses="0" visitedMethods="1" numMethods="1" />
              <MetadataToken />
              <Name>System.Guid SpeedClaim.Api.Services.AgentService/&lt;&gt;c::&lt;GetAgentDashboardAsync&gt;b__3_0(SpeedClaim.Api.Models.Proposal)</Name>
              <FileRef uid="1" />
              <SequencePoints>
                <SequencePoint vc="2" uspid="63" ordinal="0" sl="63" sc="1" el="63" ec="2" bec="0" bev="0" fileid="1" />
              </SequencePoints>
              <BranchPoints />
              <MethodPoint vc="1" uspid="0" p8:type="SequencePoint" ordinal="1" offset="1" sc="0" sl="63" ec="1" el="63" bec="0" bev="0" fileid="1" xmlns:p8="xsi" />
            </Method>
            <Method cyclomaticComplexity="1" nPathComplexity="1" sequenceCoverage="100" branchCoverage="100" isConstructor="False" isGetter="False" isSetter="False" isStatic="True">
              <Summary numSequencePoints="1" visitedSequencePoints="1" numBranchPoints="0" visitedBranchPoints="0" sequenceCoverage="100" branchCoverage="100" maxCyclomaticComplexity="1" minCyclomaticComplexity="1" visitedClasses="0" numClasses="0" visitedMethods="1" numMethods="1" />
              <MetadataToken />
              <Name>System.Decimal SpeedClaim.Api.Services.AgentService/&lt;&gt;c::&lt;GetAgentDashboardAsync&gt;b__3_1(SpeedClaim.Api.Models.AgentCommission)</Name>
              <FileRef uid="1" />
              <SequencePoints>
                <SequencePoint vc="2" uspid="69" ordinal="0" sl="69" sc="1" el="69" ec="2" bec="0" bev="0" fileid="1" />
              </SequencePoints>
              <BranchPoints />
              <MethodPoint vc="1" uspid="0" p8:type="SequencePoint" ordinal="2" offset="2" sc="0" sl="69" ec="1" el="69" bec="0" bev="0" fileid="1" xmlns:p8="xsi" />
            </Method>
            <Method cyclomaticComplexity="1" nPathComplexity="1" sequenceCoverage="100" branchCoverage="100" isConstructor="False" isGetter="False" isSetter="False" isStatic="True">
              <Summary numSequencePoints="1" visitedSequencePoints="1" numBranchPoints="0" visitedBranchPoints="0" sequenceCoverage="100" branchCoverage="100" maxCyclomaticComplexity="1" minCyclomaticComplexity="1" visitedClasses="0" numClasses="0" visitedMethods="1" numMethods="1" />
              <MetadataToken />
              <Name>System.Guid SpeedClaim.Api.Services.AgentService/&lt;&gt;c::&lt;GetAgentDashboardAsync&gt;b__3_2(SpeedClaim.Api.Models.Proposal)</Name>
              <FileRef uid="1" />
              <SequencePoints>
                <SequencePoint vc="2" uspid="71" ordinal="0" sl="71" sc="1" el="71" ec="2" bec="0" bev="0" fileid="1" />
              </SequencePoints>
              <BranchPoints />
              <MethodPoint vc="1" uspid="0" p8:type="SequencePoint" ordinal="3" offset="3" sc="0" sl="71" ec="1" el="71" bec="0" bev="0" fileid="1" xmlns:p8="xsi" />
            </Method>
            <Method cyclomaticComplexity="2" nPathComplexity="2" sequenceCoverage="100" branchCoverage="0" isConstructor="False" isGetter="False" isSetter="False" isStatic="True">
              <Summary numSequencePoints="1" visitedSequencePoints="1" numBranchPoints="2" visitedBranchPoints="0" sequenceCoverage="100" branchCoverage="0" maxCyclomaticComplexity="2" minCyclomaticComplexity="2" visitedClasses="0" numClasses="0" visitedMethods="1" numMethods="1" />
              <MetadataToken />
              <Name>System.Boolean SpeedClaim.Api.Services.AgentService/&lt;&gt;c::&lt;GetAgentDashboardAsync&gt;b__3_3(SpeedClaim.Api.Models.Claim)</Name>
              <FileRef uid="1" />
              <SequencePoints>
                <SequencePoint vc="1" uspid="73" ordinal="0" sl="73" sc="1" el="73" ec="2" bec="2" bev="0" fileid="1" />
              </SequencePoints>
              <BranchPoints>
                <BranchPoint vc="0" uspid="73" ordinal="0" path="0" offset="7" offsetend="9" sl="73" fileid="1" />
                <BranchPoint vc="0" uspid="73" ordinal="1" path="1" offset="7" offsetend="23" sl="73" fileid="1" />
              </BranchPoints>
              <MethodPoint vc="1" uspid="0" p8:type="SequencePoint" ordinal="4" offset="4" sc="0" sl="73" ec="1" el="73" bec="0" bev="0" fileid="1" xmlns:p8="xsi" />
            </Method>
            <Method cyclomaticComplexity="1" nPathComplexity="1" sequenceCoverage="100" branchCoverage="100" isConstructor="False" isGetter="False" isSetter="False" isStatic="True">
              <Summary numSequencePoints="1" visitedSequencePoints="1" numBranchPoints="0" visitedBranchPoints="0" sequenceCoverage="100" branchCoverage="100" maxCyclomaticComplexity="1" minCyclomaticComplexity="1" visitedClasses="0" numClasses="0" visitedMethods="1" numMethods="1" />
              <MetadataToken />
              <Name>System.Guid SpeedClaim.Api.Services.AgentService/&lt;&gt;c::&lt;GetRenewalRemindersAsync&gt;b__5_0(SpeedClaim.Api.Models.Policy)</Name>
              <FileRef uid="1" />
              <SequencePoints>
                <SequencePoint vc="3" uspid="112" ordinal="0" sl="112" sc="1" el="112" ec="2" bec="0" bev="0" fileid="1" />
              </SequencePoints>
              <BranchPoints />
              <MethodPoint vc="1" uspid="0" p8:type="SequencePoint" ordinal="5" offset="5" sc="0" sl="112" ec="1" el="112" bec="0" bev="0" fileid="1" xmlns:p8="xsi" />
            </Method>
            <Method cyclomaticComplexity="1" nPathComplexity="1" sequenceCoverage="100" branchCoverage="100" isConstructor="False" isGetter="False" isSetter="False" isStatic="True">
              <Summary numSequencePoints="1" visitedSequencePoints="1" numBranchPoints="0" visitedBranchPoints="0" sequenceCoverage="100" branchCoverage="100" maxCyclomaticComplexity="1" minCyclomaticComplexity="1" visitedClasses="0" numClasses="0" visitedMethods="1" numMethods="1" />
              <MetadataToken />
              <Name>System.Int32 SpeedClaim.Api.Services.AgentService/&lt;&gt;c::&lt;GetRenewalRemindersAsync&gt;b__5_1(SpeedClaim.Api.Dtos.User.RenewalReminderDto)</Name>
              <FileRef uid="1" />
              <SequencePoints>
                <SequencePoint vc="1" uspid="145" ordinal="0" sl="145" sc="1" el="145" ec="2" bec="0" bev="0" fileid="1" />
              </SequencePoints>
              <BranchPoints />
              <MethodPoint vc="1" uspid="0" p8:type="SequencePoint" ordinal="6" offset="6" sc="0" sl="145" ec="1" el="145" bec="0" bev="0" fileid="1" xmlns:p8="xsi" />
            </Method>
            <Method cyclomaticComplexity="1" nPathComplexity="1" sequenceCoverage="100" branchCoverage="100" isConstructor="False" isGetter="False" isSetter="False" isStatic="True">
              <Summary numSequencePoints="1" visitedSequencePoints="1" numBranchPoints="0" visitedBranchPoints="0" sequenceCoverage="100" branchCoverage="100" maxCyclomaticComplexity="1" minCyclomaticComplexity="1" visitedClasses="0" numClasses="0" visitedMethods="1" numMethods="1" />
              <MetadataToken />
              <Name>SpeedClaim.Api.Dtos.User.BranchDto SpeedClaim.Api.Services.AgentService/&lt;&gt;c::&lt;GetBranchesAsync&gt;b__7_0(SpeedClaim.Api.Models.Branch)</Name>
              <FileRef uid="1" />
              <SequencePoints>
                <SequencePoint vc="3" uspid="171" ordinal="0" sl="171" sc="1" el="171" ec="2" bec="0" bev="0" fileid="1" />
              </SequencePoints>
              <BranchPoints />
              <MethodPoint vc="1" uspid="0" p8:type="SequencePoint" ordinal="7" offset="7" sc="0" sl="171" ec="1" el="171" bec="0" bev="0" fileid="1" xmlns:p8="xsi" />
            </Method>
          </Methods>
        </Class>
        <Class>
          <Summary numSequencePoints="8" visitedSequencePoints="8" numBranchPoints="2" visitedBranchPoints="2" sequenceCoverage="100" branchCoverage="100" maxCyclomaticComplexity="2" minCyclomaticComplexity="2" visitedClasses="1" numClasses="1" visitedMethods="1" numMethods="1" />
          <FullName>SpeedClaim.Api.Services.AgentService/&lt;ActivateDeactivateAgentAsync&gt;d__10</FullName>
          <Methods>
            <Method cyclomaticComplexity="2" nPathComplexity="2" sequenceCoverage="100" branchCoverage="100" isConstructor="False" isGetter="False" isSetter="False" isStatic="True">
              <Summary numSequencePoints="8" visitedSequencePoints="8" numBranchPoints="2" visitedBranchPoints="2" sequenceCoverage="100" branchCoverage="100" maxCyclomaticComplexity="2" minCyclomaticComplexity="2" visitedClasses="0" numClasses="0" visitedMethods="1" numMethods="1" />
              <MetadataToken />
              <Name>System.Void SpeedClaim.Api.Services.AgentService/&lt;ActivateDeactivateAgentAsync&gt;d__10::MoveNext()</Name>
              <FileRef uid="1" />
              <SequencePoints>
                <SequencePoint vc="2" uspid="205" ordinal="0" sl="205" sc="1" el="205" ec="2" bec="0" bev="0" fileid="1" />
                <SequencePoint vc="2" uspid="206" ordinal="1" sl="206" sc="1" el="206" ec="2" bec="0" bev="0" fileid="1" />
                <SequencePoint vc="2" uspid="207" ordinal="2" sl="207" sc="1" el="207" ec="2" bec="0" bev="0" fileid="1" />
                <SequencePoint vc="3" uspid="208" ordinal="3" sl="208" sc="1" el="208" ec="2" bec="2" bev="2" fileid="1" />
                <SequencePoint vc="1" uspid="210" ordinal="4" sl="210" sc="1" el="210" ec="2" bec="0" bev="0" fileid="1" />
                <SequencePoint vc="1" uspid="211" ordinal="5" sl="211" sc="1" el="211" ec="2" bec="0" bev="0" fileid="1" />
                <SequencePoint vc="1" uspid="213" ordinal="6" sl="213" sc="1" el="213" ec="2" bec="0" bev="0" fileid="1" />
                <SequencePoint vc="1" uspid="214" ordinal="7" sl="214" sc="1" el="214" ec="2" bec="0" bev="0" fileid="1" />
              </SequencePoints>
              <BranchPoints>
                <BranchPoint vc="1" uspid="208" ordinal="0" path="0" offset="324" offsetend="326" sl="208" fileid="1" />
                <BranchPoint vc="1" uspid="208" ordinal="1" path="1" offset="324" offsetend="337" sl="208" fileid="1" />
              </BranchPoints>
              <MethodPoint vc="8" uspid="0" p8:type="SequencePoint" ordinal="0" offset="0" sc="0" sl="205" ec="1" el="214" bec="0" bev="0" fileid="1" xmlns:p8="xsi" />
            </Method>
          </Methods>
        </Class>
        <Class>
          <Summary numSequencePoints="11" visitedSequencePoints="11" numBranchPoints="4" visitedBranchPoints="4" sequenceCoverage="100" branchCoverage="100" maxCyclomaticComplexity="4" minCyclomaticComplexity="4" visitedClasses="1" numClasses="1" visitedMethods="1" numMethods="1" />
          <FullName>SpeedClaim.Api.Services.AgentService/&lt;AssignAgentToBranchAsync&gt;d__8</FullName>
          <Methods>
            <Method cyclomaticComplexity="4" nPathComplexity="4" sequenceCoverage="100" branchCoverage="100" isConstructor="False" isGetter="False" isSetter="False" isStatic="True">
              <Summary numSequencePoints="11" visitedSequencePoints="11" numBranchPoints="4" visitedBranchPoints="4" sequenceCoverage="100" branchCoverage="100" maxCyclomaticComplexity="4" minCyclomaticComplexity="4" visitedClasses="0" numClasses="0" visitedMethods="1" numMethods="1" />
              <MetadataToken />
              <Name>System.Void SpeedClaim.Api.Services.AgentService/&lt;AssignAgentToBranchAsync&gt;d__8::MoveNext()</Name>
              <FileRef uid="1" />
              <SequencePoints>
                <SequencePoint vc="3" uspid="175" ordinal="0" sl="175" sc="1" el="175" ec="2" bec="0" bev="0" fileid="1" />
                <SequencePoint vc="3" uspid="176" ordinal="1" sl="176" sc="1" el="176" ec="2" bec="0" bev="0" fileid="1" />
                <SequencePoint vc="3" uspid="177" ordinal="2" sl="177" sc="1" el="177" ec="2" bec="0" bev="0" fileid="1" />
                <SequencePoint vc="3" uspid="179" ordinal="3" sl="179" sc="1" el="179" ec="2" bec="0" bev="0" fileid="1" />
                <SequencePoint vc="4" uspid="180" ordinal="4" sl="180" sc="1" el="180" ec="2" bec="2" bev="2" fileid="1" />
                <SequencePoint vc="2" uspid="182" ordinal="5" sl="182" sc="1" el="182" ec="2" bec="0" bev="0" fileid="1" />
                <SequencePoint vc="3" uspid="183" ordinal="6" sl="183" sc="1" el="183" ec="2" bec="2" bev="2" fileid="1" />
                <SequencePoint vc="1" uspid="185" ordinal="7" sl="185" sc="1" el="185" ec="2" bec="0" bev="0" fileid="1" />
                <SequencePoint vc="1" uspid="186" ordinal="8" sl="186" sc="1" el="186" ec="2" bec="0" bev="0" fileid="1" />
                <SequencePoint vc="1" uspid="188" ordinal="9" sl="188" sc="1" el="188" ec="2" bec="0" bev="0" fileid="1" />
                <SequencePoint vc="1" uspid="189" ordinal="10" sl="189" sc="1" el="189" ec="2" bec="0" bev="0" fileid="1" />
              </SequencePoints>
              <BranchPoints>
                <BranchPoint vc="1" uspid="180" ordinal="0" path="0" offset="355" offsetend="357" sl="180" fileid="1" />
                <BranchPoint vc="2" uspid="180" ordinal="1" path="1" offset="355" offsetend="368" sl="180" fileid="1" />
                <BranchPoint vc="1" uspid="183" ordinal="2" path="0" offset="525" offsetend="527" sl="183" fileid="1" />
                <BranchPoint vc="1" uspid="183" ordinal="3" path="1" offset="525" offsetend="538" sl="183" fileid="1" />
              </BranchPoints>
              <MethodPoint vc="11" uspid="0" p8:type="SequencePoint" ordinal="0" offset="0" sc="0" sl="175" ec="1" el="189" bec="0" bev="0" fileid="1" xmlns:p8="xsi" />
            </Method>
          </Methods>
        </Class>
        <Class>
          <Summary numSequencePoints="16" visitedSequencePoints="16" numBranchPoints="0" visitedBranchPoints="0" sequenceCoverage="100" branchCoverage="100" maxCyclomaticComplexity="1" minCyclomaticComplexity="1" visitedClasses="1" numClasses="1" visitedMethods="1" numMethods="1" />
          <FullName>SpeedClaim.Api.Services.AgentService/&lt;CreateBranchAsync&gt;d__6</FullName>
          <Methods>
            <Method cyclomaticComplexity="1" nPathComplexity="1" sequenceCoverage="100" branchCoverage="100" isConstructor="False" isGetter="False" isSetter="False" isStatic="True">
              <Summary numSequencePoints="16" visitedSequencePoints="16" numBranchPoints="0" visitedBranchPoints="0" sequenceCoverage="100" branchCoverage="100" maxCyclomaticComplexity="1" minCyclomaticComplexity="1" visitedClasses="0" numClasses="0" visitedMethods="1" numMethods="1" />
              <MetadataToken />
              <Name>System.Void SpeedClaim.Api.Services.AgentService/&lt;CreateBranchAsync&gt;d__6::MoveNext()</Name>
              <FileRef uid="1" />
              <SequencePoints>
                <SequencePoint vc="1" uspid="149" ordinal="0" sl="149" sc="1" el="149" ec="2" bec="0" bev="0" fileid="1" />
                <SequencePoint vc="1" uspid="150" ordinal="1" sl="150" sc="1" el="150" ec="2" bec="0" bev="0" fileid="1" />
                <SequencePoint vc="1" uspid="151" ordinal="2" sl="151" sc="1" el="151" ec="2" bec="0" bev="0" fileid="1" />
                <SequencePoint vc="1" uspid="152" ordinal="3" sl="152" sc="1" el="152" ec="2" bec="0" bev="0" fileid="1" />
                <SequencePoint vc="1" uspid="153" ordinal="4" sl="153" sc="1" el="153" ec="2" bec="0" bev="0" fileid="1" />
                <SequencePoint vc="1" uspid="154" ordinal="5" sl="154" sc="1" el="154" ec="2" bec="0" bev="0" fileid="1" />
                <SequencePoint vc="1" uspid="155" ordinal="6" sl="155" sc="1" el="155" ec="2" bec="0" bev="0" fileid="1" />
                <SequencePoint vc="1" uspid="156" ordinal="7" sl="156" sc="1" el="156" ec="2" bec="0" bev="0" fileid="1" />
                <SequencePoint vc="1" uspid="157" ordinal="8" sl="157" sc="1" el="157" ec="2" bec="0" bev="0" fileid="1" />
                <SequencePoint vc="1" uspid="158" ordinal="9" sl="158" sc="1" el="158" ec="2" bec="0" bev="0" fileid="1" />
                <SequencePoint vc="1" uspid="159" ordinal="10" sl="159" sc="1" el="159" ec="2" bec="0" bev="0" fileid="1" />
                <SequencePoint vc="1" uspid="160" ordinal="11" sl="160" sc="1" el="160" ec="2" bec="0" bev="0" fileid="1" />
                <SequencePoint vc="1" uspid="162" ordinal="12" sl="162" sc="1" el="162" ec="2" bec="0" bev="0" fileid="1" />
                <SequencePoint vc="1" uspid="163" ordinal="13" sl="163" sc="1" el="163" ec="2" bec="0" bev="0" fileid="1" />
                <SequencePoint vc="1" uspid="165" ordinal="14" sl="165" sc="1" el="165" ec="2" bec="0" bev="0" fileid="1" />
                <SequencePoint vc="1" uspid="166" ordinal="15" sl="166" sc="1" el="166" ec="2" bec="0" bev="0" fileid="1" />
              </SequencePoints>
              <BranchPoints />
              <MethodPoint vc="16" uspid="0" p8:type="SequencePoint" ordinal="0" offset="0" sc="0" sl="149" ec="1" el="166" bec="0" bev="0" fileid="1" xmlns:p8="xsi" />
            </Method>
          </Methods>
        </Class>
        <Class>
          <Summary numSequencePoints="9" visitedSequencePoints="9" numBranchPoints="0" visitedBranchPoints="0" sequenceCoverage="100" branchCoverage="100" maxCyclomaticComplexity="1" minCyclomaticComplexity="1" visitedClasses="1" numClasses="1" visitedMethods="1" numMethods="1" />
          <FullName>SpeedClaim.Api.Services.AgentService/&lt;GetAgentDashboardAsync&gt;d__3</FullName>
          <Methods>
            <Method cyclomaticComplexity="1" nPathComplexity="1" sequenceCoverage="100" branchCoverage="100" isConstructor="False" isGetter="False" isSetter="False" isStatic="True">
              <Summary numSequencePoints="9" visitedSequencePoints="9" numBranchPoints="0" visitedBranchPoints="0" sequenceCoverage="100" branchCoverage="100" maxCyclomaticComplexity="1" minCyclomaticComplexity="1" visitedClasses="0" numClasses="0" visitedMethods="1" numMethods="1" />
              <MetadataToken />
              <Name>System.Void SpeedClaim.Api.Services.AgentService/&lt;GetAgentDashboardAsync&gt;d__3::MoveNext()</Name>
              <FileRef uid="1" />
              <SequencePoints>
                <SequencePoint vc="1" uspid="60" ordinal="0" sl="60" sc="1" el="60" ec="2" bec="0" bev="0" fileid="1" />
                <SequencePoint vc="1" uspid="61" ordinal="1" sl="61" sc="1" el="61" ec="2" bec="0" bev="0" fileid="1" />
                <SequencePoint vc="1" uspid="62" ordinal="2" sl="62" sc="1" el="62" ec="2" bec="0" bev="0" fileid="1" />
                <SequencePoint vc="1" uspid="65" ordinal="3" sl="65" sc="1" el="65" ec="2" bec="0" bev="0" fileid="1" />
                <SequencePoint vc="1" uspid="66" ordinal="4" sl="66" sc="1" el="66" ec="2" bec="0" bev="0" fileid="1" />
                <SequencePoint vc="1" uspid="68" ordinal="5" sl="68" sc="1" el="68" ec="2" bec="0" bev="0" fileid="1" />
                <SequencePoint vc="1" uspid="72" ordinal="6" sl="72" sc="1" el="72" ec="2" bec="0" bev="0" fileid="1" />
                <SequencePoint vc="1" uspid="75" ordinal="7" sl="75" sc="1" el="75" ec="2" bec="0" bev="0" fileid="1" />
                <SequencePoint vc="1" uspid="76" ordinal="8" sl="76" sc="1" el="76" ec="2" bec="0" bev="0" fileid="1" />
              </SequencePoints>
              <BranchPoints />
              <MethodPoint vc="9" uspid="0" p8:type="SequencePoint" ordinal="0" offset="0" sc="0" sl="60" ec="1" el="76" bec="0" bev="0" fileid="1" xmlns:p8="xsi" />
            </Method>
          </Methods>
        </Class>
        <Class>
          <Summary numSequencePoints="24" visitedSequencePoints="24" numBranchPoints="10" visitedBranchPoints="9" sequenceCoverage="100" branchCoverage="90" maxCyclomaticComplexity="10" minCyclomaticComplexity="10" visitedClasses="1" numClasses="1" visitedMethods="1" numMethods="1" />
          <FullName>SpeedClaim.Api.Services.AgentService/&lt;GetAgentProfileAsync&gt;d__4</FullName>
          <Methods>
            <Method cyclomaticComplexity="10" nPathComplexity="10" sequenceCoverage="100" branchCoverage="90" isConstructor="False" isGetter="False" isSetter="False" isStatic="True">
              <Summary numSequencePoints="24" visitedSequencePoints="24" numBranchPoints="10" visitedBranchPoints="9" sequenceCoverage="100" branchCoverage="90" maxCyclomaticComplexity="10" minCyclomaticComplexity="10" visitedClasses="0" numClasses="0" visitedMethods="1" numMethods="1" />
              <MetadataToken />
              <Name>System.Void SpeedClaim.Api.Services.AgentService/&lt;GetAgentProfileAsync&gt;d__4::MoveNext()</Name>
              <FileRef uid="1" />
              <SequencePoints>
                <SequencePoint vc="3" uspid="79" ordinal="0" sl="79" sc="1" el="79" ec="2" bec="0" bev="0" fileid="1" />
                <SequencePoint vc="3" uspid="80" ordinal="1" sl="80" sc="1" el="80" ec="2" bec="0" bev="0" fileid="1" />
                <SequencePoint vc="3" uspid="81" ordinal="2" sl="81" sc="1" el="81" ec="2" bec="0" bev="0" fileid="1" />
                <SequencePoint vc="4" uspid="82" ordinal="3" sl="82" sc="1" el="82" ec="2" bec="2" bev="2" fileid="1" />
                <SequencePoint vc="2" uspid="84" ordinal="4" sl="84" sc="1" el="84" ec="2" bec="0" bev="0" fileid="1" />
                <SequencePoint vc="2" uspid="85" ordinal="5" sl="85" sc="1" el="85" ec="2" bec="2" bev="1" fileid="1" />
                <SequencePoint vc="2" uspid="87" ordinal="6" sl="87" sc="1" el="87" ec="2" bec="0" bev="0" fileid="1" />
                <SequencePoint vc="2" uspid="88" ordinal="7" sl="88" sc="1" el="88" ec="2" bec="2" bev="2" fileid="1" />
                <SequencePoint vc="1" uspid="89" ordinal="8" sl="89" sc="1" el="89" ec="2" bec="0" bev="0" fileid="1" />
                <SequencePoint vc="2" uspid="91" ordinal="9" sl="91" sc="1" el="91" ec="2" bec="4" bev="4" fileid="1" />
                <SequencePoint vc="2" uspid="92" ordinal="10" sl="92" sc="1" el="92" ec="2" bec="0" bev="0" fileid="1" />
                <SequencePoint vc="2" uspid="93" ordinal="11" sl="93" sc="1" el="93" ec="2" bec="0" bev="0" fileid="1" />
                <SequencePoint vc="2" uspid="94" ordinal="12" sl="94" sc="1" el="94" ec="2" bec="0" bev="0" fileid="1" />
                <SequencePoint vc="2" uspid="95" ordinal="13" sl="95" sc="1" el="95" ec="2" bec="0" bev="0" fileid="1" />
                <SequencePoint vc="2" uspid="96" ordinal="14" sl="96" sc="1" el="96" ec="2" bec="0" bev="0" fileid="1" />
                <SequencePoint vc="2" uspid="97" ordinal="15" sl="97" sc="1" el="97" ec="2" bec="0" bev="0" fileid="1" />
                <SequencePoint vc="2" uspid="98" ordinal="16" sl="98" sc="1" el="98" ec="2" bec="0" bev="0" fileid="1" />
                <SequencePoint vc="2" uspid="99" ordinal="17" sl="99" sc="1" el="99" ec="2" bec="0" bev="0" fileid="1" />
                <SequencePoint vc="2" uspid="100" ordinal="18" sl="100" sc="1" el="100" ec="2" bec="0" bev="0" fileid="1" />
                <SequencePoint vc="2" uspid="101" ordinal="19" sl="101" sc="1" el="101" ec="2" bec="0" bev="0" fileid="1" />
                <SequencePoint vc="2" uspid="102" ordinal="20" sl="102" sc="1" el="102" ec="2" bec="0" bev="0" fileid="1" />
                <SequencePoint vc="2" uspid="103" ordinal="21" sl="103" sc="1" el="103" ec="2" bec="0" bev="0" fileid="1" />
                <SequencePoint vc="2" uspid="104" ordinal="22" sl="104" sc="1" el="104" ec="2" bec="0" bev="0" fileid="1" />
                <SequencePoint vc="2" uspid="105" ordinal="23" sl="105" sc="1" el="105" ec="2" bec="0" bev="0" fileid="1" />
              </SequencePoints>
              <BranchPoints>
                <BranchPoint vc="1" uspid="82" ordinal="0" path="0" offset="339" offsetend="341" sl="82" fileid="1" />
                <BranchPoint vc="2" uspid="82" ordinal="1" path="1" offset="339" offsetend="352" sl="82" fileid="1" />
                <BranchPoint vc="0" uspid="85" ordinal="2" path="0" offset="515" offsetend="517" sl="85" fileid="1" />
                <BranchPoint vc="2" uspid="85" ordinal="3" path="1" offset="515" offsetend="528" sl="85" fileid="1" />
                <BranchPoint vc="1" uspid="88" ordinal="4" path="0" offset="559" offsetend="564" sl="88" fileid="1" />
                <BranchPoint vc="2" uspid="88" ordinal="5" path="1" offset="559" offsetend="723" sl="88" fileid="1" />
                <BranchPoint vc="1" uspid="91" ordinal="6" path="0" offset="855" offsetend="857" sl="91" fileid="1" />
                <BranchPoint vc="1" uspid="91" ordinal="7" path="1" offset="855" offsetend="861" sl="91" fileid="1" />
                <BranchPoint vc="1" uspid="91" ordinal="8" path="0" offset="873" offsetend="875" sl="91" fileid="1" />
                <BranchPoint vc="1" uspid="91" ordinal="9" path="1" offset="873" offsetend="879" sl="91" fileid="1" />
              </BranchPoints>
              <MethodPoint vc="24" uspid="0" p8:type="SequencePoint" ordinal="0" offset="0" sc="0" sl="79" ec="1" el="105" bec="0" bev="0" fileid="1" xmlns:p8="xsi" />
            </Method>
          </Methods>
        </Class>
        <Class>
          <Summary numSequencePoints="30" visitedSequencePoints="30" numBranchPoints="8" visitedBranchPoints="8" sequenceCoverage="100" branchCoverage="100" maxCyclomaticComplexity="8" minCyclomaticComplexity="8" visitedClasses="1" numClasses="1" visitedMethods="1" numMethods="1" />
          <FullName>SpeedClaim.Api.Services.AgentService/&lt;GetAssignedCustomersAsync&gt;d__2</FullName>
          <Methods>
            <Method cyclomaticComplexity="8" nPathComplexity="8" sequenceCoverage="100" branchCoverage="100" isConstructor="False" isGetter="False" isSetter="False" isStatic="True">
              <Summary numSequencePoints="30" visitedSequencePoints="30" numBranchPoints="8" visitedBranchPoints="8" sequenceCoverage="100" branchCoverage="100" maxCyclomaticComplexity="8" minCyclomaticComplexity="8" visitedClasses="0" numClasses="0" visitedMethods="1" numMethods="1" />
              <MetadataToken />
              <Name>System.Void SpeedClaim.Api.Services.AgentService/&lt;GetAssignedCustomersAsync&gt;d__2::MoveNext()</Name>
              <FileRef uid="1" />
              <SequencePoints>
                <SequencePoint vc="1" uspid="23" ordinal="0" sl="23" sc="1" el="23" ec="2" bec="2" bev="2" fileid="1" />
                <SequencePoint vc="1" uspid="24" ordinal="1" sl="24" sc="1" el="24" ec="2" bec="0" bev="0" fileid="1" />
                <SequencePoint vc="1" uspid="28" ordinal="2" sl="28" sc="1" el="28" ec="2" bec="0" bev="0" fileid="1" />
                <SequencePoint vc="1" uspid="31" ordinal="3" sl="31" sc="1" el="31" ec="2" bec="0" bev="0" fileid="1" />
                <SequencePoint vc="5" uspid="32" ordinal="4" sl="32" sc="1" el="32" ec="2" bec="2" bev="2" fileid="1" />
                <SequencePoint vc="1" uspid="33" ordinal="5" sl="33" sc="1" el="33" ec="2" bec="0" bev="0" fileid="1" />
                <SequencePoint vc="1" uspid="34" ordinal="6" sl="34" sc="1" el="34" ec="2" bec="0" bev="0" fileid="1" />
                <SequencePoint vc="1" uspid="35" ordinal="7" sl="35" sc="1" el="35" ec="2" bec="2" bev="2" fileid="1" />
                <SequencePoint vc="1" uspid="36" ordinal="8" sl="36" sc="1" el="36" ec="2" bec="0" bev="0" fileid="1" />
                <SequencePoint vc="1" uspid="37" ordinal="9" sl="37" sc="1" el="37" ec="2" bec="0" bev="0" fileid="1" />
                <SequencePoint vc="1" uspid="38" ordinal="10" sl="38" sc="1" el="38" ec="2" bec="2" bev="2" fileid="1" />
                <SequencePoint vc="1" uspid="39" ordinal="11" sl="39" sc="1" el="39" ec="2" bec="0" bev="0" fileid="1" />
                <SequencePoint vc="1" uspid="40" ordinal="12" sl="40" sc="1" el="40" ec="2" bec="0" bev="0" fileid="1" />
                <SequencePoint vc="1" uspid="41" ordinal="13" sl="41" sc="1" el="41" ec="2" bec="0" bev="0" fileid="1" />
                <SequencePoint vc="1" uspid="42" ordinal="14" sl="42" sc="1" el="42" ec="2" bec="0" bev="0" fileid="1" />
                <SequencePoint vc="1" uspid="43" ordinal="15" sl="43" sc="1" el="43" ec="2" bec="0" bev="0" fileid="1" />
                <SequencePoint vc="1" uspid="44" ordinal="16" sl="44" sc="1" el="44" ec="2" bec="0" bev="0" fileid="1" />
                <SequencePoint vc="1" uspid="45" ordinal="17" sl="45" sc="1" el="45" ec="2" bec="0" bev="0" fileid="1" />
                <SequencePoint vc="1" uspid="46" ordinal="18" sl="46" sc="1" el="46" ec="2" bec="0" bev="0" fileid="1" />
                <SequencePoint vc="1" uspid="47" ordinal="19" sl="47" sc="1" el="47" ec="2" bec="0" bev="0" fileid="1" />
                <SequencePoint vc="1" uspid="48" ordinal="20" sl="48" sc="1" el="48" ec="2" bec="0" bev="0" fileid="1" />
                <SequencePoint vc="1" uspid="49" ordinal="21" sl="49" sc="1" el="49" ec="2" bec="0" bev="0" fileid="1" />
                <SequencePoint vc="1" uspid="50" ordinal="22" sl="50" sc="1" el="50" ec="2" bec="0" bev="0" fileid="1" />
                <SequencePoint vc="1" uspid="51" ordinal="23" sl="51" sc="1" el="51" ec="2" bec="0" bev="0" fileid="1" />
                <SequencePoint vc="1" uspid="52" ordinal="24" sl="52" sc="1" el="52" ec="2" bec="0" bev="0" fileid="1" />
                <SequencePoint vc="1" uspid="53" ordinal="25" sl="53" sc="1" el="53" ec="2" bec="0" bev="0" fileid="1" />
                <SequencePoint vc="1" uspid="54" ordinal="26" sl="54" sc="1" el="54" ec="2" bec="0" bev="0" fileid="1" />
                <SequencePoint vc="1" uspid="55" ordinal="27" sl="55" sc="1" el="55" ec="2" bec="0" bev="0" fileid="1" />
                <SequencePoint vc="1" uspid="56" ordinal="28" sl="56" sc="1" el="56" ec="2" bec="0" bev="0" fileid="1" />
                <SequencePoint vc="1" uspid="57" ordinal="29" sl="57" sc="1" el="57" ec="2" bec="0" bev="0" fileid="1" />
              </SequencePoints>
              <BranchPoints>
                <BranchPoint vc="1" uspid="23" ordinal="0" path="0" offset="16" offsetend="30" sl="23" fileid="1" />
                <BranchPoint vc="1" uspid="23" ordinal="1" path="1" offset="16" offsetend="416" sl="23" fileid="1" />
                <BranchPoint vc="1" uspid="32" ordinal="7" path="1" offset="983" offsetend="441" sl="32" fileid="1" />
                <BranchPoint vc="1" uspid="35" ordinal="2" path="0" offset="617" offsetend="622" sl="35" fileid="1" />
                <BranchPoint vc="1" uspid="38" ordinal="4" path="0" offset="786" offsetend="791" sl="38" fileid="1" />
                <BranchPoint vc="1" uspid="38" ordinal="5" path="1" offset="786" offsetend="956" sl="38" fileid="1" />
                <BranchPoint vc="1" uspid="35" ordinal="3" path="1" offset="617" offsetend="964" sl="35" fileid="1" />
                <BranchPoint vc="1" uspid="32" ordinal="6" path="0" offset="983" offsetend="988" sl="32" fileid="1" />
              </BranchPoints>
              <MethodPoint vc="30" uspid="0" p8:type="SequencePoint" ordinal="0" offset="0" sc="0" sl="23" ec="1" el="57" bec="0" bev="0" fileid="1" xmlns:p8="xsi" />
            </Method>
          </Methods>
        </Class>
        <Class>
          <Summary numSequencePoints="3" visitedSequencePoints="3" numBranchPoints="0" visitedBranchPoints="0" sequenceCoverage="100" branchCoverage="100" maxCyclomaticComplexity="1" minCyclomaticComplexity="1" visitedClasses="1" numClasses="1" visitedMethods="1" numMethods="1" />
          <FullName>SpeedClaim.Api.Services.AgentService/&lt;GetBranchesAsync&gt;d__7</FullName>
          <Methods>
            <Method cyclomaticComplexity="1" nPathComplexity="1" sequenceCoverage="100" branchCoverage="100" isConstructor="False" isGetter="False" isSetter="False" isStatic="True">
              <Summary numSequencePoints="3" visitedSequencePoints="3" numBranchPoints="0" visitedBranchPoints="0" sequenceCoverage="100" branchCoverage="100" maxCyclomaticComplexity="1" minCyclomaticComplexity="1" visitedClasses="0" numClasses="0" visitedMethods="1" numMethods="1" />
              <MetadataToken />
              <Name>System.Void SpeedClaim.Api.Services.AgentService/&lt;GetBranchesAsync&gt;d__7::MoveNext()</Name>
              <FileRef uid="1" />
              <SequencePoints>
                <SequencePoint vc="1" uspid="169" ordinal="0" sl="169" sc="1" el="169" ec="2" bec="0" bev="0" fileid="1" />
                <SequencePoint vc="1" uspid="170" ordinal="1" sl="170" sc="1" el="170" ec="2" bec="0" bev="0" fileid="1" />
                <SequencePoint vc="1" uspid="172" ordinal="2" sl="172" sc="1" el="172" ec="2" bec="0" bev="0" fileid="1" />
              </SequencePoints>
              <BranchPoints />
              <MethodPoint vc="3" uspid="0" p8:type="SequencePoint" ordinal="0" offset="0" sc="0" sl="169" ec="1" el="172" bec="0" bev="0" fileid="1" xmlns:p8="xsi" />
            </Method>
          </Methods>
        </Class>
        <Class>
          <Summary numSequencePoints="29" visitedSequencePoints="29" numBranchPoints="16" visitedBranchPoints="13" sequenceCoverage="100" branchCoverage="81.25" maxCyclomaticComplexity="16" minCyclomaticComplexity="16" visitedClasses="1" numClasses="1" visitedMethods="1" numMethods="1" />
          <FullName>SpeedClaim.Api.Services.AgentService/&lt;GetRenewalRemindersAsync&gt;d__5</FullName>
          <Methods>
            <Method cyclomaticComplexity="16" nPathComplexity="16" sequenceCoverage="100" branchCoverage="81.25" isConstructor="False" isGetter="False" isSetter="False" isStatic="True">
              <Summary numSequencePoints="29" visitedSequencePoints="29" numBranchPoints="16" visitedBranchPoints="13" sequenceCoverage="100" branchCoverage="81.25" maxCyclomaticComplexity="16" minCyclomaticComplexity="16" visitedClasses="0" numClasses="0" visitedMethods="1" numMethods="1" />
              <MetadataToken />
              <Name>System.Void SpeedClaim.Api.Services.AgentService/&lt;GetRenewalRemindersAsync&gt;d__5::MoveNext()</Name>
              <FileRef uid="1" />
              <SequencePoints>
                <SequencePoint vc="2" uspid="108" ordinal="0" sl="108" sc="1" el="108" ec="2" bec="2" bev="2" fileid="1" />
                <SequencePoint vc="2" uspid="109" ordinal="1" sl="109" sc="1" el="109" ec="2" bec="0" bev="0" fileid="1" />
                <SequencePoint vc="2" uspid="111" ordinal="2" sl="111" sc="1" el="111" ec="2" bec="0" bev="0" fileid="1" />
                <SequencePoint vc="3" uspid="114" ordinal="3" sl="114" sc="1" el="114" ec="2" bec="2" bev="2" fileid="1" />
                <SequencePoint vc="1" uspid="117" ordinal="4" sl="117" sc="1" el="117" ec="2" bec="0" bev="0" fileid="1" />
                <SequencePoint vc="1" uspid="118" ordinal="5" sl="118" sc="1" el="118" ec="2" bec="0" bev="0" fileid="1" />
                <SequencePoint vc="5" uspid="120" ordinal="6" sl="120" sc="1" el="120" ec="2" bec="4" bev="4" fileid="1" />
                <SequencePoint vc="1" uspid="121" ordinal="7" sl="121" sc="1" el="121" ec="2" bec="0" bev="0" fileid="1" />
                <SequencePoint vc="1" uspid="122" ordinal="8" sl="122" sc="1" el="122" ec="2" bec="0" bev="0" fileid="1" />
                <SequencePoint vc="1" uspid="123" ordinal="9" sl="123" sc="1" el="123" ec="2" bec="0" bev="0" fileid="1" />
                <SequencePoint vc="1" uspid="124" ordinal="10" sl="124" sc="1" el="124" ec="2" bec="0" bev="0" fileid="1" />
                <SequencePoint vc="1" uspid="125" ordinal="11" sl="125" sc="1" el="125" ec="2" bec="0" bev="0" fileid="1" />
                <SequencePoint vc="1" uspid="126" ordinal="12" sl="126" sc="1" el="126" ec="2" bec="0" bev="0" fileid="1" />
                <SequencePoint vc="5" uspid="128" ordinal="13" sl="128" sc="1" el="128" ec="2" bec="2" bev="2" fileid="1" />
                <SequencePoint vc="1" uspid="129" ordinal="14" sl="129" sc="1" el="129" ec="2" bec="0" bev="0" fileid="1" />
                <SequencePoint vc="1" uspid="130" ordinal="15" sl="130" sc="1" el="130" ec="2" bec="0" bev="0" fileid="1" />
                <SequencePoint vc="1" uspid="131" ordinal="16" sl="131" sc="1" el="131" ec="2" bec="2" bev="1" fileid="1" />
                <SequencePoint vc="1" uspid="133" ordinal="17" sl="133" sc="1" el="133" ec="2" bec="4" bev="2" fileid="1" />
                <SequencePoint vc="1" uspid="134" ordinal="18" sl="134" sc="1" el="134" ec="2" bec="0" bev="0" fileid="1" />
                <SequencePoint vc="1" uspid="135" ordinal="19" sl="135" sc="1" el="135" ec="2" bec="0" bev="0" fileid="1" />
                <SequencePoint vc="1" uspid="136" ordinal="20" sl="136" sc="1" el="136" ec="2" bec="0" bev="0" fileid="1" />
                <SequencePoint vc="1" uspid="137" ordinal="21" sl="137" sc="1" el="137" ec="2" bec="0" bev="0" fileid="1" />
                <SequencePoint vc="1" uspid="138" ordinal="22" sl="138" sc="1" el="138" ec="2" bec="0" bev="0" fileid="1" />
                <SequencePoint vc="1" uspid="139" ordinal="23" sl="139" sc="1" el="139" ec="2" bec="0" bev="0" fileid="1" />
                <SequencePoint vc="1" uspid="140" ordinal="24" sl="140" sc="1" el="140" ec="2" bec="0" bev="0" fileid="1" />
                <SequencePoint vc="1" uspid="141" ordinal="25" sl="141" sc="1" el="141" ec="2" bec="0" bev="0" fileid="1" />
                <SequencePoint vc="1" uspid="142" ordinal="26" sl="142" sc="1" el="142" ec="2" bec="0" bev="0" fileid="1" />
                <SequencePoint vc="1" uspid="143" ordinal="27" sl="143" sc="1" el="143" ec="2" bec="0" bev="0" fileid="1" />
                <SequencePoint vc="2" uspid="146" ordinal="28" sl="146" sc="1" el="146" ec="2" bec="0" bev="0" fileid="1" />
              </SequencePoints>
              <BranchPoints>
                <BranchPoint vc="2" uspid="108" ordinal="0" path="0" offset="16" offsetend="30" sl="108" fileid="1" />
                <BranchPoint vc="1" uspid="114" ordinal="2" path="0" offset="400" offsetend="402" sl="114" fileid="1" />
                <BranchPoint vc="1" uspid="114" ordinal="3" path="1" offset="400" offsetend="413" sl="114" fileid="1" />
                <BranchPoint vc="1" uspid="108" ordinal="1" path="1" offset="16" offsetend="476" sl="108" fileid="1" />
                <BranchPoint vc="1" uspid="120" ordinal="15" path="1" offset="1725" offsetend="506" sl="120" fileid="1" />
                <BranchPoint vc="1" uspid="120" ordinal="5" path="1" offset="487" offsetend="1095" sl="120" fileid="1" />
                <BranchPoint vc="1" uspid="128" ordinal="13" path="1" offset="1660" offsetend="1120" sl="128" fileid="1" />
                <BranchPoint vc="1" uspid="131" ordinal="6" path="0" offset="1299" offsetend="1304" sl="131" fileid="1" />
                <BranchPoint vc="0" uspid="131" ordinal="7" path="1" offset="1299" offsetend="1456" sl="131" fileid="1" />
                <BranchPoint vc="0" uspid="133" ordinal="8" path="0" offset="1543" offsetend="1545" sl="133" fileid="1" />
                <BranchPoint vc="1" uspid="133" ordinal="9" path="1" offset="1543" offsetend="1549" sl="133" fileid="1" />
                <BranchPoint vc="0" uspid="133" ordinal="10" path="0" offset="1555" offsetend="1557" sl="133" fileid="1" />
                <BranchPoint vc="1" uspid="133" ordinal="11" path="1" offset="1555" offsetend="1563" sl="133" fileid="1" />
                <BranchPoint vc="1" uspid="128" ordinal="12" path="0" offset="1660" offsetend="1665" sl="128" fileid="1" />
                <BranchPoint vc="2" uspid="120" ordinal="4" path="0" offset="487" offsetend="1714" sl="120" fileid="1" />
                <BranchPoint vc="1" uspid="120" ordinal="14" path="0" offset="1725" offsetend="1730" sl="120" fileid="1" />
              </BranchPoints>
              <MethodPoint vc="29" uspid="0" p8:type="SequencePoint" ordinal="0" offset="0" sc="0" sl="108" ec="1" el="146" bec="0" bev="0" fileid="1" xmlns:p8="xsi" />
            </Method>
          </Methods>
        </Class>
        <Class>
          <Summary numSequencePoints="9" visitedSequencePoints="9" numBranchPoints="2" visitedBranchPoints="2" sequenceCoverage="100" branchCoverage="100" maxCyclomaticComplexity="2" minCyclomaticComplexity="2" visitedClasses="1" numClasses="1" visitedMethods="1" numMethods="1" />
          <FullName>SpeedClaim.Api.Services.AgentService/&lt;UpdateAgentLicenseAsync&gt;d__9</FullName>
          <Methods>
            <Method cyclomaticComplexity="2" nPathComplexity="2" sequenceCoverage="100" branchCoverage="100" isConstructor="False" isGetter="False" isSetter="False" isStatic="True">
              <Summary numSequencePoints="9" visitedSequencePoints="9" numBranchPoints="2" visitedBranchPoints="2" sequenceCoverage="100" branchCoverage="100" maxCyclomaticComplexity="2" minCyclomaticComplexity="2" visitedClasses="0" numClasses="0" visitedMethods="1" numMethods="1" />
              <MetadataToken />
              <Name>System.Void SpeedClaim.Api.Services.AgentService/&lt;UpdateAgentLicenseAsync&gt;d__9::MoveNext()</Name>
              <FileRef uid="1" />
              <SequencePoints>
                <SequencePoint vc="2" uspid="192" ordinal="0" sl="192" sc="1" el="192" ec="2" bec="0" bev="0" fileid="1" />
                <SequencePoint vc="2" uspid="193" ordinal="1" sl="193" sc="1" el="193" ec="2" bec="0" bev="0" fileid="1" />
                <SequencePoint vc="2" uspid="194" ordinal="2" sl="194" sc="1" el="194" ec="2" bec="0" bev="0" fileid="1" />
                <SequencePoint vc="3" uspid="195" ordinal="3" sl="195" sc="1" el="195" ec="2" bec="2" bev="2" fileid="1" />
                <SequencePoint vc="1" uspid="197" ordinal="4" sl="197" sc="1" el="197" ec="2" bec="0" bev="0" fileid="1" />
                <SequencePoint vc="1" uspid="198" ordinal="5" sl="198" sc="1" el="198" ec="2" bec="0" bev="0" fileid="1" />
                <SequencePoint vc="1" uspid="199" ordinal="6" sl="199" sc="1" el="199" ec="2" bec="0" bev="0" fileid="1" />
                <SequencePoint vc="1" uspid="201" ordinal="7" sl="201" sc="1" el="201" ec="2" bec="0" bev="0" fileid="1" />
                <SequencePoint vc="1" uspid="202" ordinal="8" sl="202" sc="1" el="202" ec="2" bec="0" bev="0" fileid="1" />
              </SequencePoints>
              <BranchPoints>
                <BranchPoint vc="1" uspid="195" ordinal="0" path="0" offset="324" offsetend="326" sl="195" fileid="1" />
                <BranchPoint vc="1" uspid="195" ordinal="1" path="1" offset="324" offsetend="337" sl="195" fileid="1" />
              </BranchPoints>
              <MethodPoint vc="9" uspid="0" p8:type="SequencePoint" ordinal="0" offset="0" sc="0" sl="192" ec="1" el="202" bec="0" bev="0" fileid="1" xmlns:p8="xsi" />
            </Method>
          </Methods>
        </Class>
        <Class>
          <Summary numSequencePoints="26" visitedSequencePoints="26" numBranchPoints="8" visitedBranchPoints="5" sequenceCoverage="100" branchCoverage="62.5" maxCyclomaticComplexity="4" minCyclomaticComplexity="1" visitedClasses="1" numClasses="1" visitedMethods="3" numMethods="3" />
          <FullName>SpeedClaim.Api.Services.AuthService</FullName>
          <Methods>
            <Method cyclomaticComplexity="4" nPathComplexity="4" sequenceCoverage="100" branchCoverage="75" isConstructor="False" isGetter="False" isSetter="False" isStatic="True">
              <Summary numSequencePoints="9" visitedSequencePoints="9" numBranchPoints="4" visitedBranchPoints="3" sequenceCoverage="100" branchCoverage="75" maxCyclomaticComplexity="4" minCyclomaticComplexity="4" visitedClasses="0" numClasses="0" visitedMethods="1" numMethods="1" />
              <MetadataToken />
              <Name>System.Boolean SpeedClaim.Api.Services.AuthService::TryParsePayload(System.String,System.Guid&amp;,System.String&amp;)</Name>
              <FileRef uid="2" />
              <SequencePoints>
                <SequencePoint vc="14" uspid="266" ordinal="0" sl="266" sc="1" el="266" ec="2" bec="0" bev="0" fileid="2" />
                <SequencePoint vc="14" uspid="267" ordinal="1" sl="267" sc="1" el="267" ec="2" bec="0" bev="0" fileid="2" />
                <SequencePoint vc="14" uspid="268" ordinal="2" sl="268" sc="1" el="268" ec="2" bec="0" bev="0" fileid="2" />
                <SequencePoint vc="14" uspid="269" ordinal="3" sl="269" sc="1" el="269" ec="2" bec="0" bev="0" fileid="2" />
                <SequencePoint vc="17" uspid="270" ordinal="4" sl="270" sc="1" el="270" ec="2" bec="2" bev="2" fileid="2" />
                <SequencePoint vc="11" uspid="271" ordinal="5" sl="271" sc="1" el="271" ec="2" bec="2" bev="1" fileid="2" />
                <SequencePoint vc="11" uspid="272" ordinal="6" sl="272" sc="1" el="272" ec="2" bec="0" bev="0" fileid="2" />
                <SequencePoint vc="11" uspid="273" ordinal="7" sl="273" sc="1" el="273" ec="2" bec="0" bev="0" fileid="2" />
                <SequencePoint vc="14" uspid="274" ordinal="8" sl="274" sc="1" el="274" ec="2" bec="0" bev="0" fileid="2" />
              </SequencePoints>
              <BranchPoints>
                <BranchPoint vc="3" uspid="270" ordinal="0" path="0" offset="37" offsetend="39" sl="270" fileid="2" />
                <BranchPoint vc="11" uspid="270" ordinal="1" path="1" offset="37" offsetend="43" sl="270" fileid="2" />
                <BranchPoint vc="0" uspid="271" ordinal="2" path="0" offset="62" offsetend="64" sl="271" fileid="2" />
                <BranchPoint vc="11" uspid="271" ordinal="3" path="1" offset="62" offsetend="68" sl="271" fileid="2" />
              </BranchPoints>
              <MethodPoint vc="9" uspid="0" p8:type="SequencePoint" ordinal="0" offset="0" sc="0" sl="266" ec="1" el="274" bec="0" bev="0" fileid="2" xmlns:p8="xsi" />
            </Method>
            <Method cyclomaticComplexity="4" nPathComplexity="4" sequenceCoverage="100" branchCoverage="50" isConstructor="False" isGetter="False" isSetter="False" isStatic="True">
              <Summary numSequencePoints="11" visitedSequencePoints="11" numBranchPoints="4" visitedBranchPoints="2" sequenceCoverage="100" branchCoverage="50" maxCyclomaticComplexity="4" minCyclomaticComplexity="4" visitedClasses="0" numClasses="0" visitedMethods="1" numMethods="1" />
              <MetadataToken />
              <Name>SpeedClaim.Api.Dtos.Auth.AuthUserDto SpeedClaim.Api.Services.AuthService::BuildAuthUserDto(SpeedClaim.Api.Models.User)</Name>
              <FileRef uid="2" />
              <SequencePoints>
                <SequencePoint vc="2" uspid="277" ordinal="0" sl="277" sc="1" el="277" ec="2" bec="4" bev="2" fileid="2" />
                <SequencePoint vc="2" uspid="278" ordinal="1" sl="278" sc="1" el="278" ec="2" bec="0" bev="0" fileid="2" />
                <SequencePoint vc="2" uspid="279" ordinal="2" sl="279" sc="1" el="279" ec="2" bec="0" bev="0" fileid="2" />
                <SequencePoint vc="2" uspid="280" ordinal="3" sl="280" sc="1" el="280" ec="2" bec="0" bev="0" fileid="2" />
                <SequencePoint vc="2" uspid="281" ordinal="4" sl="281" sc="1" el="281" ec="2" bec="0" bev="0" fileid="2" />
                <SequencePoint vc="2" uspid="282" ordinal="5" sl="282" sc="1" el="282" ec="2" bec="0" bev="0" fileid="2" />
                <SequencePoint vc="2" uspid="283" ordinal="6" sl="283" sc="1" el="283" ec="2" bec="0" bev="0" fileid="2" />
                <SequencePoint vc="2" uspid="284" ordinal="7" sl="284" sc="1" el="284" ec="2" bec="0" bev="0" fileid="2" />
                <SequencePoint vc="2" uspid="285" ordinal="8" sl="285" sc="1" el="285" ec="2" bec="0" bev="0" fileid="2" />
                <SequencePoint vc="2" uspid="286" ordinal="9" sl="286" sc="1" el="286" ec="2" bec="0" bev="0" fileid="2" />
                <SequencePoint vc="2" uspid="287" ordinal="10" sl="287" sc="1" el="287" ec="2" bec="0" bev="0" fileid="2" />
              </SequencePoints>
              <BranchPoints>
                <BranchPoint vc="2" uspid="277" ordinal="0" path="0" offset="99" offsetend="101" sl="277" fileid="2" />
                <BranchPoint vc="0" uspid="277" ordinal="1" path="1" offset="99" offsetend="105" sl="277" fileid="2" />
                <BranchPoint vc="2" uspid="277" ordinal="2" path="0" offset="125" offsetend="127" sl="277" fileid="2" />
                <BranchPoint vc="0" uspid="277" ordinal="3" path="1" offset="125" offsetend="133" sl="277" fileid="2" />
              </BranchPoints>
              <MethodPoint vc="11" uspid="0" p8:type="SequencePoint" ordinal="1" offset="1" sc="0" sl="277" ec="1" el="287" bec="0" bev="0" fileid="2" xmlns:p8="xsi" />
            </Method>
            <Method cyclomaticComplexity="1" nPathComplexity="1" sequenceCoverage="100" branchCoverage="100" isConstructor="True" isGetter="False" isSetter="False" isStatic="True">
              <Summary numSequencePoints="6" visitedSequencePoints="6" numBranchPoints="0" visitedBranchPoints="0" sequenceCoverage="100" branchCoverage="100" maxCyclomaticComplexity="1" minCyclomaticComplexity="1" visitedClasses="0" numClasses="0" visitedMethods="1" numMethods="1" />
              <MetadataToken />
              <Name>System.Void SpeedClaim.Api.Services.AuthService::.ctor(SpeedClaim.Api.Interfaces.IUnitOfWork,SpeedClaim.Api.Interfaces.IJwtService,SpeedClaim.Api.Interfaces.IEmailService)</Name>
              <FileRef uid="2" />
              <SequencePoints>
                <SequencePoint vc="27" uspid="16" ordinal="0" sl="16" sc="1" el="16" ec="2" bec="0" bev="0" fileid="2" />
                <SequencePoint vc="27" uspid="17" ordinal="1" sl="17" sc="1" el="17" ec="2" bec="0" bev="0" fileid="2" />
                <SequencePoint vc="27" uspid="18" ordinal="2" sl="18" sc="1" el="18" ec="2" bec="0" bev="0" fileid="2" />
                <SequencePoint vc="27" uspid="19" ordinal="3" sl="19" sc="1" el="19" ec="2" bec="0" bev="0" fileid="2" />
                <SequencePoint vc="27" uspid="20" ordinal="4" sl="20" sc="1" el="20" ec="2" bec="0" bev="0" fileid="2" />
                <SequencePoint vc="27" uspid="21" ordinal="5" sl="21" sc="1" el="21" ec="2" bec="0" bev="0" fileid="2" />
              </SequencePoints>
              <BranchPoints />
              <MethodPoint vc="6" uspid="0" p8:type="SequencePoint" ordinal="2" offset="2" sc="0" sl="16" ec="1" el="21" bec="0" bev="0" fileid="2" xmlns:p8="xsi" />
            </Method>
          </Methods>
        </Class>
        <Class>
          <Summary numSequencePoints="17" visitedSequencePoints="17" numBranchPoints="2" visitedBranchPoints="2" sequenceCoverage="100" branchCoverage="100" maxCyclomaticComplexity="2" minCyclomaticComplexity="2" visitedClasses="1" numClasses="1" visitedMethods="1" numMethods="1" />
          <FullName>SpeedClaim.Api.Services.AuthService/&lt;ForgotPasswordAsync&gt;d__9</FullName>
          <Methods>
            <Method cyclomaticComplexity="2" nPathComplexity="2" sequenceCoverage="100" branchCoverage="100" isConstructor="False" isGetter="False" isSetter="False" isStatic="True">
              <Summary numSequencePoints="17" visitedSequencePoints="17" numBranchPoints="2" visitedBranchPoints="2" sequenceCoverage="100" branchCoverage="100" maxCyclomaticComplexity="2" minCyclomaticComplexity="2" visitedClasses="0" numClasses="0" visitedMethods="1" numMethods="1" />
              <MetadataToken />
              <Name>System.Void SpeedClaim.Api.Services.AuthService/&lt;ForgotPasswordAsync&gt;d__9::MoveNext()</Name>
              <FileRef uid="2" />
              <SequencePoints>
                <SequencePoint vc="2" uspid="174" ordinal="0" sl="174" sc="1" el="174" ec="2" bec="0" bev="0" fileid="2" />
                <SequencePoint vc="2" uspid="175" ordinal="1" sl="175" sc="1" el="175" ec="2" bec="0" bev="0" fileid="2" />
                <SequencePoint vc="3" uspid="176" ordinal="2" sl="176" sc="1" el="176" ec="2" bec="2" bev="2" fileid="2" />
                <SequencePoint vc="1" uspid="178" ordinal="3" sl="178" sc="1" el="178" ec="2" bec="0" bev="0" fileid="2" />
                <SequencePoint vc="1" uspid="179" ordinal="4" sl="179" sc="1" el="179" ec="2" bec="0" bev="0" fileid="2" />
                <SequencePoint vc="1" uspid="180" ordinal="5" sl="180" sc="1" el="180" ec="2" bec="0" bev="0" fileid="2" />
                <SequencePoint vc="1" uspid="181" ordinal="6" sl="181" sc="1" el="181" ec="2" bec="0" bev="0" fileid="2" />
                <SequencePoint vc="1" uspid="182" ordinal="7" sl="182" sc="1" el="182" ec="2" bec="0" bev="0" fileid="2" />
                <SequencePoint vc="1" uspid="183" ordinal="8" sl="183" sc="1" el="183" ec="2" bec="0" bev="0" fileid="2" />
                <SequencePoint vc="1" uspid="184" ordinal="9" sl="184" sc="1" el="184" ec="2" bec="0" bev="0" fileid="2" />
                <SequencePoint vc="1" uspid="185" ordinal="10" sl="185" sc="1" el="185" ec="2" bec="0" bev="0" fileid="2" />
                <SequencePoint vc="1" uspid="186" ordinal="11" sl="186" sc="1" el="186" ec="2" bec="0" bev="0" fileid="2" />
                <SequencePoint vc="1" uspid="187" ordinal="12" sl="187" sc="1" el="187" ec="2" bec="0" bev="0" fileid="2" />
                <SequencePoint vc="1" uspid="188" ordinal="13" sl="188" sc="1" el="188" ec="2" bec="0" bev="0" fileid="2" />
                <SequencePoint vc="1" uspid="190" ordinal="14" sl="190" sc="1" el="190" ec="2" bec="0" bev="0" fileid="2" />
                <SequencePoint vc="1" uspid="191" ordinal="15" sl="191" sc="1" el="191" ec="2" bec="0" bev="0" fileid="2" />
                <SequencePoint vc="2" uspid="192" ordinal="16" sl="192" sc="1" el="192" ec="2" bec="0" bev="0" fileid="2" />
              </SequencePoints>
              <BranchPoints>
                <BranchPoint vc="1" uspid="176" ordinal="0" path="0" offset="326" offsetend="328" sl="176" fileid="2" />
                <BranchPoint vc="1" uspid="176" ordinal="1" path="1" offset="326" offsetend="333" sl="176" fileid="2" />
              </BranchPoints>
              <MethodPoint vc="17" uspid="0" p8:type="SequencePoint" ordinal="0" offset="0" sc="0" sl="174" ec="1" el="192" bec="0" bev="0" fileid="2" xmlns:p8="xsi" />
            </Method>
          </Methods>
        </Class>
        <Class>
          <Summary numSequencePoints="24" visitedSequencePoints="24" numBranchPoints="6" visitedBranchPoints="6" sequenceCoverage="100" branchCoverage="100" maxCyclomaticComplexity="6" minCyclomaticComplexity="6" visitedClasses="1" numClasses="1" visitedMethods="1" numMethods="1" />
          <FullName>SpeedClaim.Api.Services.AuthService/&lt;LoginAsync&gt;d__5</FullName>
          <Methods>
            <Method cyclomaticComplexity="6" nPathComplexity="6" sequenceCoverage="100" branchCoverage="100" isConstructor="False" isGetter="False" isSetter="False" isStatic="True">
              <Summary numSequencePoints="24" visitedSequencePoints="24" numBranchPoints="6" visitedBranchPoints="6" sequenceCoverage="100" branchCoverage="100" maxCyclomaticComplexity="6" minCyclomaticComplexity="6" visitedClasses="0" numClasses="0" visitedMethods="1" numMethods="1" />
              <MetadataToken />
              <Name>System.Void SpeedClaim.Api.Services.AuthService/&lt;LoginAsync&gt;d__5::MoveNext()</Name>
              <FileRef uid="2" />
              <SequencePoints>
                <SequencePoint vc="4" uspid="74" ordinal="0" sl="74" sc="1" el="74" ec="2" bec="0" bev="0" fileid="2" />
                <SequencePoint vc="4" uspid="75" ordinal="1" sl="75" sc="1" el="75" ec="2" bec="0" bev="0" fileid="2" />
                <SequencePoint vc="4" uspid="76" ordinal="2" sl="76" sc="1" el="76" ec="2" bec="4" bev="4" fileid="2" />
                <SequencePoint vc="2" uspid="77" ordinal="3" sl="77" sc="1" el="77" ec="2" bec="0" bev="0" fileid="2" />
                <SequencePoint vc="2" uspid="79" ordinal="4" sl="79" sc="1" el="79" ec="2" bec="2" bev="2" fileid="2" />
                <SequencePoint vc="1" uspid="80" ordinal="5" sl="80" sc="1" el="80" ec="2" bec="0" bev="0" fileid="2" />
                <SequencePoint vc="1" uspid="82" ordinal="6" sl="82" sc="1" el="82" ec="2" bec="0" bev="0" fileid="2" />
                <SequencePoint vc="1" uspid="83" ordinal="7" sl="83" sc="1" el="83" ec="2" bec="0" bev="0" fileid="2" />
                <SequencePoint vc="1" uspid="85" ordinal="8" sl="85" sc="1" el="85" ec="2" bec="0" bev="0" fileid="2" />
                <SequencePoint vc="1" uspid="86" ordinal="9" sl="86" sc="1" el="86" ec="2" bec="0" bev="0" fileid="2" />
                <SequencePoint vc="1" uspid="87" ordinal="10" sl="87" sc="1" el="87" ec="2" bec="0" bev="0" fileid="2" />
                <SequencePoint vc="1" uspid="88" ordinal="11" sl="88" sc="1" el="88" ec="2" bec="0" bev="0" fileid="2" />
                <SequencePoint vc="1" uspid="89" ordinal="12" sl="89" sc="1" el="89" ec="2" bec="0" bev="0" fileid="2" />
                <SequencePoint vc="1" uspid="90" ordinal="13" sl="90" sc="1" el="90" ec="2" bec="0" bev="0" fileid="2" />
                <SequencePoint vc="1" uspid="91" ordinal="14" sl="91" sc="1" el="91" ec="2" bec="0" bev="0" fileid="2" />
                <SequencePoint vc="1" uspid="92" ordinal="15" sl="92" sc="1" el="92" ec="2" bec="0" bev="0" fileid="2" />
                <SequencePoint vc="1" uspid="93" ordinal="16" sl="93" sc="1" el="93" ec="2" bec="0" bev="0" fileid="2" />
                <SequencePoint vc="1" uspid="95" ordinal="17" sl="95" sc="1" el="95" ec="2" bec="0" bev="0" fileid="2" />
                <SequencePoint vc="1" uspid="96" ordinal="18" sl="96" sc="1" el="96" ec="2" bec="0" bev="0" fileid="2" />
                <SequencePoint vc="1" uspid="97" ordinal="19" sl="97" sc="1" el="97" ec="2" bec="0" bev="0" fileid="2" />
                <SequencePoint vc="1" uspid="100" ordinal="20" sl="100" sc="1" el="100" ec="2" bec="0" bev="0" fileid="2" />
                <SequencePoint vc="1" uspid="102" ordinal="21" sl="102" sc="1" el="102" ec="2" bec="0" bev="0" fileid="2" />
                <SequencePoint vc="1" uspid="103" ordinal="22" sl="103" sc="1" el="103" ec="2" bec="0" bev="0" fileid="2" />
                <SequencePoint vc="1" uspid="104" ordinal="23" sl="104" sc="1" el="104" ec="2" bec="0" bev="0" fileid="2" />
              </SequencePoints>
              <BranchPoints>
                <BranchPoint vc="3" uspid="76" ordinal="0" path="0" offset="331" offsetend="333" sl="76" fileid="2" />
                <BranchPoint vc="1" uspid="76" ordinal="1" path="1" offset="331" offsetend="372" sl="76" fileid="2" />
                <BranchPoint vc="2" uspid="76" ordinal="2" path="0" offset="377" offsetend="379" sl="76" fileid="2" />
                <BranchPoint vc="2" uspid="76" ordinal="3" path="1" offset="377" offsetend="390" sl="76" fileid="2" />
                <BranchPoint vc="1" uspid="79" ordinal="4" path="0" offset="408" offsetend="410" sl="79" fileid="2" />
                <BranchPoint vc="1" uspid="79" ordinal="5" path="1" offset="408" offsetend="421" sl="79" fileid="2" />
              </BranchPoints>
              <MethodPoint vc="24" uspid="0" p8:type="SequencePoint" ordinal="0" offset="0" sc="0" sl="74" ec="1" el="104" bec="0" bev="0" fileid="2" xmlns:p8="xsi" />
            </Method>
          </Methods>
        </Class>
        <Class>
          <Summary numSequencePoints="7" visitedSequencePoints="7" numBranchPoints="2" visitedBranchPoints="2" sequenceCoverage="100" branchCoverage="100" maxCyclomaticComplexity="2" minCyclomaticComplexity="2" visitedClasses="1" numClasses="1" visitedMethods="1" numMethods="1" />
          <FullName>SpeedClaim.Api.Services.AuthService/&lt;LogoutAsync&gt;d__8</FullName>
          <Methods>
            <Method cyclomaticComplexity="2" nPathComplexity="2" sequenceCoverage="100" branchCoverage="100" isConstructor="False" isGetter="False" isSetter="False" isStatic="True">
              <Summary numSequencePoints="7" visitedSequencePoints="7" numBranchPoints="2" visitedBranchPoints="2" sequenceCoverage="100" branchCoverage="100" maxCyclomaticComplexity="2" minCyclomaticComplexity="2" visitedClasses="0" numClasses="0" visitedMethods="1" numMethods="1" />
              <MetadataToken />
              <Name>System.Void SpeedClaim.Api.Services.AuthService/&lt;LogoutAsync&gt;d__8::MoveNext()</Name>
              <FileRef uid="2" />
              <SequencePoints>
                <SequencePoint vc="1" uspid="165" ordinal="0" sl="165" sc="1" el="165" ec="2" bec="0" bev="0" fileid="2" />
                <SequencePoint vc="1" uspid="166" ordinal="1" sl="166" sc="1" el="166" ec="2" bec="0" bev="0" fileid="2" />
                <SequencePoint vc="1" uspid="167" ordinal="2" sl="167" sc="1" el="167" ec="2" bec="0" bev="0" fileid="2" />
                <SequencePoint vc="7" uspid="168" ordinal="3" sl="168" sc="1" el="168" ec="2" bec="2" bev="2" fileid="2" />
                <SequencePoint vc="2" uspid="169" ordinal="4" sl="169" sc="1" el="169" ec="2" bec="0" bev="0" fileid="2" />
                <SequencePoint vc="1" uspid="170" ordinal="5" sl="170" sc="1" el="170" ec="2" bec="0" bev="0" fileid="2" />
                <SequencePoint vc="1" uspid="171" ordinal="6" sl="171" sc="1" el="171" ec="2" bec="0" bev="0" fileid="2" />
              </SequencePoints>
              <BranchPoints>
                <BranchPoint vc="2" uspid="168" ordinal="1" path="1" offset="410" offsetend="362" sl="168" fileid="2" />
                <BranchPoint vc="1" uspid="168" ordinal="0" path="0" offset="410" offsetend="412" sl="168" fileid="2" />
              </BranchPoints>
              <MethodPoint vc="7" uspid="0" p8:type="SequencePoint" ordinal="0" offset="0" sc="0" sl="165" ec="1" el="171" bec="0" bev="0" fileid="2" xmlns:p8="xsi" />
            </Method>
          </Methods>
        </Class>
        <Class>
          <Summary numSequencePoints="26" visitedSequencePoints="26" numBranchPoints="14" visitedBranchPoints="13" sequenceCoverage="100" branchCoverage="92.85" maxCyclomaticComplexity="14" minCyclomaticComplexity="14" visitedClasses="1" numClasses="1" visitedMethods="1" numMethods="1" />
          <FullName>SpeedClaim.Api.Services.AuthService/&lt;RefreshTokenAsync&gt;d__6</FullName>
          <Methods>
            <Method cyclomaticComplexity="14" nPathComplexity="14" sequenceCoverage="100" branchCoverage="92.85" isConstructor="False" isGetter="False" isSetter="False" isStatic="True">
              <Summary numSequencePoints="26" visitedSequencePoints="26" numBranchPoints="14" visitedBranchPoints="13" sequenceCoverage="100" branchCoverage="92.85" maxCyclomaticComplexity="14" minCyclomaticComplexity="14" visitedClasses="0" numClasses="0" visitedMethods="1" numMethods="1" />
              <MetadataToken />
              <Name>System.Void SpeedClaim.Api.Services.AuthService/&lt;RefreshTokenAsync&gt;d__6::MoveNext()</Name>
              <FileRef uid="2" />
              <SequencePoints>
                <SequencePoint vc="5" uspid="107" ordinal="0" sl="107" sc="1" el="107" ec="2" bec="0" bev="0" fileid="2" />
                <SequencePoint vc="5" uspid="108" ordinal="1" sl="108" sc="1" el="108" ec="2" bec="2" bev="2" fileid="2" />
                <SequencePoint vc="1" uspid="109" ordinal="2" sl="109" sc="1" el="109" ec="2" bec="0" bev="0" fileid="2" />
                <SequencePoint vc="4" uspid="111" ordinal="3" sl="111" sc="1" el="111" ec="2" bec="0" bev="0" fileid="2" />
                <SequencePoint vc="4" uspid="112" ordinal="4" sl="112" sc="1" el="112" ec="2" bec="6" bev="6" fileid="2" />
                <SequencePoint vc="1" uspid="113" ordinal="5" sl="113" sc="1" el="113" ec="2" bec="0" bev="0" fileid="2" />
                <SequencePoint vc="3" uspid="115" ordinal="6" sl="115" sc="1" el="115" ec="2" bec="2" bev="2" fileid="2" />
                <SequencePoint vc="1" uspid="116" ordinal="7" sl="116" sc="1" el="116" ec="2" bec="0" bev="0" fileid="2" />
                <SequencePoint vc="2" uspid="118" ordinal="8" sl="118" sc="1" el="118" ec="2" bec="0" bev="0" fileid="2" />
                <SequencePoint vc="2" uspid="119" ordinal="9" sl="119" sc="1" el="119" ec="2" bec="4" bev="3" fileid="2" />
                <SequencePoint vc="1" uspid="120" ordinal="10" sl="120" sc="1" el="120" ec="2" bec="0" bev="0" fileid="2" />
                <SequencePoint vc="1" uspid="122" ordinal="11" sl="122" sc="1" el="122" ec="2" bec="0" bev="0" fileid="2" />
                <SequencePoint vc="1" uspid="123" ordinal="12" sl="123" sc="1" el="123" ec="2" bec="0" bev="0" fileid="2" />
                <SequencePoint vc="1" uspid="125" ordinal="13" sl="125" sc="1" el="125" ec="2" bec="0" bev="0" fileid="2" />
                <SequencePoint vc="1" uspid="127" ordinal="14" sl="127" sc="1" el="127" ec="2" bec="0" bev="0" fileid="2" />
                <SequencePoint vc="1" uspid="128" ordinal="15" sl="128" sc="1" el="128" ec="2" bec="0" bev="0" fileid="2" />
                <SequencePoint vc="1" uspid="129" ordinal="16" sl="129" sc="1" el="129" ec="2" bec="0" bev="0" fileid="2" />
                <SequencePoint vc="1" uspid="130" ordinal="17" sl="130" sc="1" el="130" ec="2" bec="0" bev="0" fileid="2" />
                <SequencePoint vc="1" uspid="131" ordinal="18" sl="131" sc="1" el="131" ec="2" bec="0" bev="0" fileid="2" />
                <SequencePoint vc="1" uspid="132" ordinal="19" sl="132" sc="1" el="132" ec="2" bec="0" bev="0" fileid="2" />
                <SequencePoint vc="1" uspid="133" ordinal="20" sl="133" sc="1" el="133" ec="2" bec="0" bev="0" fileid="2" />
                <SequencePoint vc="1" uspid="134" ordinal="21" sl="134" sc="1" el="134" ec="2" bec="0" bev="0" fileid="2" />
                <SequencePoint vc="1" uspid="135" ordinal="22" sl="135" sc="1" el="135" ec="2" bec="0" bev="0" fileid="2" />
                <SequencePoint vc="1" uspid="137" ordinal="23" sl="137" sc="1" el="137" ec="2" bec="0" bev="0" fileid="2" />
                <SequencePoint vc="1" uspid="138" ordinal="24" sl="138" sc="1" el="138" ec="2" bec="0" bev="0" fileid="2" />
                <SequencePoint vc="1" uspid="139" ordinal="25" sl="139" sc="1" el="139" ec="2" bec="0" bev="0" fileid="2" />
              </SequencePoints>
              <BranchPoints>
                <BranchPoint vc="1" uspid="108" ordinal="0" path="0" offset="85" offsetend="87" sl="108" fileid="2" />
                <BranchPoint vc="4" uspid="108" ordinal="1" path="1" offset="85" offsetend="98" sl="108" fileid="2" />
                <BranchPoint vc="3" uspid="112" ordinal="2" path="0" offset="246" offsetend="248" sl="112" fileid="2" />
                <BranchPoint vc="3" uspid="112" ordinal="4" path="0" offset="259" offsetend="261" sl="112" fileid="2" />
                <BranchPoint vc="1" uspid="112" ordinal="3" path="1" offset="246" offsetend="284" sl="112" fileid="2" />
                <BranchPoint vc="1" uspid="112" ordinal="5" path="1" offset="259" offsetend="284" sl="112" fileid="2" />
                <BranchPoint vc="1" uspid="112" ordinal="6" path="0" offset="289" offsetend="291" sl="112" fileid="2" />
                <BranchPoint vc="3" uspid="112" ordinal="7" path="1" offset="289" offsetend="302" sl="112" fileid="2" />
                <BranchPoint vc="1" uspid="115" ordinal="8" path="0" offset="333" offsetend="335" sl="115" fileid="2" />
                <BranchPoint vc="2" uspid="115" ordinal="9" path="1" offset="333" offsetend="346" sl="115" fileid="2" />
                <BranchPoint vc="2" uspid="119" ordinal="10" path="0" offset="502" offsetend="504" sl="119" fileid="2" />
                <BranchPoint vc="0" uspid="119" ordinal="11" path="1" offset="502" offsetend="520" sl="119" fileid="2" />
                <BranchPoint vc="1" uspid="119" ordinal="12" path="0" offset="525" offsetend="527" sl="119" fileid="2" />
                <BranchPoint vc="1" uspid="119" ordinal="13" path="1" offset="525" offsetend="538" sl="119" fileid="2" />
              </BranchPoints>
              <MethodPoint vc="26" uspid="0" p8:type="SequencePoint" ordinal="0" offset="0" sc="0" sl="107" ec="1" el="139" bec="0" bev="0" fileid="2" xmlns:p8="xsi" />
            </Method>
          </Methods>
        </Class>
        <Class>
          <Summary numSequencePoints="30" visitedSequencePoints="30" numBranchPoints="4" visitedBranchPoints="3" sequenceCoverage="100" branchCoverage="75" maxCyclomaticComplexity="4" minCyclomaticComplexity="4" visitedClasses="1" numClasses="1" visitedMethods="1" numMethods="1" />
          <FullName>SpeedClaim.Api.Services.AuthService/&lt;RegisterAgentAsync&gt;d__12</FullName>
          <Methods>
            <Method cyclomaticComplexity="4" nPathComplexity="4" sequenceCoverage="100" branchCoverage="75" isConstructor="False" isGetter="False" isSetter="False" isStatic="True">
              <Summary numSequencePoints="30" visitedSequencePoints="30" numBranchPoints="4" visitedBranchPoints="3" sequenceCoverage="100" branchCoverage="75" maxCyclomaticComplexity="4" minCyclomaticComplexity="4" visitedClasses="0" numClasses="0" visitedMethods="1" numMethods="1" />
              <MetadataToken />
              <Name>System.Void SpeedClaim.Api.Services.AuthService/&lt;RegisterAgentAsync&gt;d__12::MoveNext()</Name>
              <FileRef uid="2" />
              <SequencePoints>
                <SequencePoint vc="2" uspid="227" ordinal="0" sl="227" sc="1" el="227" ec="2" bec="0" bev="0" fileid="2" />
                <SequencePoint vc="2" uspid="228" ordinal="1" sl="228" sc="1" el="228" ec="2" bec="0" bev="0" fileid="2" />
                <SequencePoint vc="2" uspid="229" ordinal="2" sl="229" sc="1" el="229" ec="2" bec="2" bev="2" fileid="2" />
                <SequencePoint vc="1" uspid="230" ordinal="3" sl="230" sc="1" el="230" ec="2" bec="0" bev="0" fileid="2" />
                <SequencePoint vc="1" uspid="232" ordinal="4" sl="232" sc="1" el="232" ec="2" bec="2" bev="1" fileid="2" />
                <SequencePoint vc="1" uspid="234" ordinal="5" sl="234" sc="1" el="234" ec="2" bec="0" bev="0" fileid="2" />
                <SequencePoint vc="1" uspid="235" ordinal="6" sl="235" sc="1" el="235" ec="2" bec="0" bev="0" fileid="2" />
                <SequencePoint vc="1" uspid="236" ordinal="7" sl="236" sc="1" el="236" ec="2" bec="0" bev="0" fileid="2" />
                <SequencePoint vc="1" uspid="237" ordinal="8" sl="237" sc="1" el="237" ec="2" bec="0" bev="0" fileid="2" />
                <SequencePoint vc="1" uspid="238" ordinal="9" sl="238" sc="1" el="238" ec="2" bec="0" bev="0" fileid="2" />
                <SequencePoint vc="1" uspid="239" ordinal="10" sl="239" sc="1" el="239" ec="2" bec="0" bev="0" fileid="2" />
                <SequencePoint vc="1" uspid="240" ordinal="11" sl="240" sc="1" el="240" ec="2" bec="0" bev="0" fileid="2" />
                <SequencePoint vc="1" uspid="241" ordinal="12" sl="241" sc="1" el="241" ec="2" bec="0" bev="0" fileid="2" />
                <SequencePoint vc="1" uspid="242" ordinal="13" sl="242" sc="1" el="242" ec="2" bec="0" bev="0" fileid="2" />
                <SequencePoint vc="1" uspid="243" ordinal="14" sl="243" sc="1" el="243" ec="2" bec="0" bev="0" fileid="2" />
                <SequencePoint vc="1" uspid="244" ordinal="15" sl="244" sc="1" el="244" ec="2" bec="0" bev="0" fileid="2" />
                <SequencePoint vc="1" uspid="245" ordinal="16" sl="245" sc="1" el="245" ec="2" bec="0" bev="0" fileid="2" />
                <SequencePoint vc="1" uspid="247" ordinal="17" sl="247" sc="1" el="247" ec="2" bec="0" bev="0" fileid="2" />
                <SequencePoint vc="1" uspid="248" ordinal="18" sl="248" sc="1" el="248" ec="2" bec="0" bev="0" fileid="2" />
                <SequencePoint vc="1" uspid="249" ordinal="19" sl="249" sc="1" el="249" ec="2" bec="0" bev="0" fileid="2" />
                <SequencePoint vc="1" uspid="250" ordinal="20" sl="250" sc="1" el="250" ec="2" bec="0" bev="0" fileid="2" />
                <SequencePoint vc="1" uspid="251" ordinal="21" sl="251" sc="1" el="251" ec="2" bec="0" bev="0" fileid="2" />
                <SequencePoint vc="1" uspid="252" ordinal="22" sl="252" sc="1" el="252" ec="2" bec="0" bev="0" fileid="2" />
                <SequencePoint vc="1" uspid="253" ordinal="23" sl="253" sc="1" el="253" ec="2" bec="0" bev="0" fileid="2" />
                <SequencePoint vc="1" uspid="254" ordinal="24" sl="254" sc="1" el="254" ec="2" bec="0" bev="0" fileid="2" />
                <SequencePoint vc="1" uspid="256" ordinal="25" sl="256" sc="1" el="256" ec="2" bec="0" bev="0" fileid="2" />
                <SequencePoint vc="1" uspid="257" ordinal="26" sl="257" sc="1" el="257" ec="2" bec="0" bev="0" fileid="2" />
                <SequencePoint vc="1" uspid="258" ordinal="27" sl="258" sc="1" el="258" ec="2" bec="0" bev="0" fileid="2" />
                <SequencePoint vc="1" uspid="260" ordinal="28" sl="260" sc="1" el="260" ec="2" bec="0" bev="0" fileid="2" />
                <SequencePoint vc="1" uspid="261" ordinal="29" sl="261" sc="1" el="261" ec="2" bec="0" bev="0" fileid="2" />
              </SequencePoints>
              <BranchPoints>
                <BranchPoint vc="1" uspid="229" ordinal="0" path="0" offset="347" offsetend="349" sl="229" fileid="2" />
                <BranchPoint vc="1" uspid="229" ordinal="1" path="1" offset="347" offsetend="360" sl="229" fileid="2" />
                <BranchPoint vc="0" uspid="232" ordinal="2" path="0" offset="389" offsetend="391" sl="232" fileid="2" />
                <BranchPoint vc="1" uspid="232" ordinal="3" path="1" offset="389" offsetend="394" sl="232" fileid="2" />
              </BranchPoints>
              <MethodPoint vc="30" uspid="0" p8:type="SequencePoint" ordinal="0" offset="0" sc="0" sl="227" ec="1" el="261" bec="0" bev="0" fileid="2" xmlns:p8="xsi" />
            </Method>
          </Methods>
        </Class>
        <Class>
          <Summary numSequencePoints="40" visitedSequencePoints="40" numBranchPoints="4" visitedBranchPoints="3" sequenceCoverage="100" branchCoverage="75" maxCyclomaticComplexity="4" minCyclomaticComplexity="4" visitedClasses="1" numClasses="1" visitedMethods="1" numMethods="1" />
[...]
                <SequencePoint vc="1" uspid="196" ordinal="4" sl="196" sc="1" el="196" ec="2" bec="2" bev="1" fileid="14" />
                <SequencePoint vc="1" uspid="198" ordinal="5" sl="198" sc="1" el="198" ec="2" bec="0" bev="0" fileid="14" />
                <SequencePoint vc="1" uspid="199" ordinal="6" sl="199" sc="1" el="199" ec="2" bec="0" bev="0" fileid="14" />
                <SequencePoint vc="1" uspid="200" ordinal="7" sl="200" sc="1" el="200" ec="2" bec="0" bev="0" fileid="14" />
                <SequencePoint vc="1" uspid="201" ordinal="8" sl="201" sc="1" el="201" ec="2" bec="0" bev="0" fileid="14" />
                <SequencePoint vc="1" uspid="202" ordinal="9" sl="202" sc="1" el="202" ec="2" bec="0" bev="0" fileid="14" />
                <SequencePoint vc="1" uspid="203" ordinal="10" sl="203" sc="1" el="203" ec="2" bec="0" bev="0" fileid="14" />
                <SequencePoint vc="1" uspid="204" ordinal="11" sl="204" sc="1" el="204" ec="2" bec="0" bev="0" fileid="14" />
                <SequencePoint vc="1" uspid="205" ordinal="12" sl="205" sc="1" el="205" ec="2" bec="0" bev="0" fileid="14" />
                <SequencePoint vc="1" uspid="206" ordinal="13" sl="206" sc="1" el="206" ec="2" bec="0" bev="0" fileid="14" />
                <SequencePoint vc="1" uspid="208" ordinal="14" sl="208" sc="1" el="208" ec="2" bec="0" bev="0" fileid="14" />
                <SequencePoint vc="1" uspid="209" ordinal="15" sl="209" sc="1" el="209" ec="2" bec="0" bev="0" fileid="14" />
              </SequencePoints>
              <BranchPoints>
                <BranchPoint vc="0" uspid="196" ordinal="0" path="0" offset="429" offsetend="431" sl="196" fileid="14" />
                <BranchPoint vc="1" uspid="196" ordinal="1" path="1" offset="429" offsetend="442" sl="196" fileid="14" />
              </BranchPoints>
              <MethodPoint vc="16" uspid="0" p8:type="SequencePoint" ordinal="0" offset="0" sc="0" sl="192" ec="1" el="209" bec="0" bev="0" fileid="14" xmlns:p8="xsi" />
            </Method>
          </Methods>
        </Class>
        <Class>
          <Summary numSequencePoints="15" visitedSequencePoints="15" numBranchPoints="2" visitedBranchPoints="2" sequenceCoverage="100" branchCoverage="100" maxCyclomaticComplexity="2" minCyclomaticComplexity="2" visitedClasses="1" numClasses="1" visitedMethods="1" numMethods="1" />
          <FullName>SpeedClaim.Api.Services.UserService/&lt;UpdateFamilyMemberAsync&gt;d__6</FullName>
          <Methods>
            <Method cyclomaticComplexity="2" nPathComplexity="2" sequenceCoverage="100" branchCoverage="100" isConstructor="False" isGetter="False" isSetter="False" isStatic="True">
              <Summary numSequencePoints="15" visitedSequencePoints="15" numBranchPoints="2" visitedBranchPoints="2" sequenceCoverage="100" branchCoverage="100" maxCyclomaticComplexity="2" minCyclomaticComplexity="2" visitedClasses="0" numClasses="0" visitedMethods="1" numMethods="1" />
              <MetadataToken />
              <Name>System.Void SpeedClaim.Api.Services.UserService/&lt;UpdateFamilyMemberAsync&gt;d__6::MoveNext()</Name>
              <FileRef uid="14" />
              <SequencePoints>
                <SequencePoint vc="2" uspid="112" ordinal="0" sl="112" sc="1" el="112" ec="2" bec="0" bev="0" fileid="14" />
                <SequencePoint vc="2" uspid="113" ordinal="1" sl="113" sc="1" el="113" ec="2" bec="0" bev="0" fileid="14" />
                <SequencePoint vc="2" uspid="114" ordinal="2" sl="114" sc="1" el="114" ec="2" bec="0" bev="0" fileid="14" />
                <SequencePoint vc="2" uspid="115" ordinal="3" sl="115" sc="1" el="115" ec="2" bec="0" bev="0" fileid="14" />
                <SequencePoint vc="3" uspid="116" ordinal="4" sl="116" sc="1" el="116" ec="2" bec="2" bev="2" fileid="14" />
                <SequencePoint vc="1" uspid="118" ordinal="5" sl="118" sc="1" el="118" ec="2" bec="0" bev="0" fileid="14" />
                <SequencePoint vc="1" uspid="119" ordinal="6" sl="119" sc="1" el="119" ec="2" bec="0" bev="0" fileid="14" />
                <SequencePoint vc="1" uspid="120" ordinal="7" sl="120" sc="1" el="120" ec="2" bec="0" bev="0" fileid="14" />
                <SequencePoint vc="1" uspid="121" ordinal="8" sl="121" sc="1" el="121" ec="2" bec="0" bev="0" fileid="14" />
                <SequencePoint vc="1" uspid="122" ordinal="9" sl="122" sc="1" el="122" ec="2" bec="0" bev="0" fileid="14" />
                <SequencePoint vc="1" uspid="123" ordinal="10" sl="123" sc="1" el="123" ec="2" bec="0" bev="0" fileid="14" />
                <SequencePoint vc="1" uspid="124" ordinal="11" sl="124" sc="1" el="124" ec="2" bec="0" bev="0" fileid="14" />
                <SequencePoint vc="1" uspid="125" ordinal="12" sl="125" sc="1" el="125" ec="2" bec="0" bev="0" fileid="14" />
                <SequencePoint vc="1" uspid="127" ordinal="13" sl="127" sc="1" el="127" ec="2" bec="0" bev="0" fileid="14" />
                <SequencePoint vc="1" uspid="128" ordinal="14" sl="128" sc="1" el="128" ec="2" bec="0" bev="0" fileid="14" />
              </SequencePoints>
              <BranchPoints>
                <BranchPoint vc="1" uspid="116" ordinal="0" path="0" offset="429" offsetend="431" sl="116" fileid="14" />
                <BranchPoint vc="1" uspid="116" ordinal="1" path="1" offset="429" offsetend="442" sl="116" fileid="14" />
              </BranchPoints>
              <MethodPoint vc="15" uspid="0" p8:type="SequencePoint" ordinal="0" offset="0" sc="0" sl="112" ec="1" el="128" bec="0" bev="0" fileid="14" xmlns:p8="xsi" />
            </Method>
          </Methods>
        </Class>
        <Class>
          <Summary numSequencePoints="21" visitedSequencePoints="21" numBranchPoints="10" visitedBranchPoints="10" sequenceCoverage="100" branchCoverage="100" maxCyclomaticComplexity="10" minCyclomaticComplexity="10" visitedClasses="1" numClasses="1" visitedMethods="1" numMethods="1" />
          <FullName>SpeedClaim.Api.Services.UserService/&lt;UpdateProfileAsync&gt;d__4</FullName>
          <Methods>
            <Method cyclomaticComplexity="10" nPathComplexity="10" sequenceCoverage="100" branchCoverage="100" isConstructor="False" isGetter="False" isSetter="False" isStatic="True">
              <Summary numSequencePoints="21" visitedSequencePoints="21" numBranchPoints="10" visitedBranchPoints="10" sequenceCoverage="100" branchCoverage="100" maxCyclomaticComplexity="10" minCyclomaticComplexity="10" visitedClasses="0" numClasses="0" visitedMethods="1" numMethods="1" />
              <MetadataToken />
              <Name>System.Void SpeedClaim.Api.Services.UserService/&lt;UpdateProfileAsync&gt;d__4::MoveNext()</Name>
              <FileRef uid="14" />
              <SequencePoints>
                <SequencePoint vc="3" uspid="64" ordinal="0" sl="64" sc="1" el="64" ec="2" bec="0" bev="0" fileid="14" />
                <SequencePoint vc="3" uspid="65" ordinal="1" sl="65" sc="1" el="65" ec="2" bec="0" bev="0" fileid="14" />
                <SequencePoint vc="3" uspid="66" ordinal="2" sl="66" sc="1" el="66" ec="2" bec="0" bev="0" fileid="14" />
                <SequencePoint vc="4" uspid="67" ordinal="3" sl="67" sc="1" el="67" ec="2" bec="2" bev="2" fileid="14" />
                <SequencePoint vc="2" uspid="69" ordinal="4" sl="69" sc="1" el="69" ec="2" bec="0" bev="0" fileid="14" />
                <SequencePoint vc="2" uspid="70" ordinal="5" sl="70" sc="1" el="70" ec="2" bec="0" bev="0" fileid="14" />
                <SequencePoint vc="2" uspid="71" ordinal="6" sl="71" sc="1" el="71" ec="2" bec="0" bev="0" fileid="14" />
                <SequencePoint vc="2" uspid="73" ordinal="7" sl="73" sc="1" el="73" ec="2" bec="2" bev="2" fileid="14" />
                <SequencePoint vc="2" uspid="74" ordinal="8" sl="74" sc="1" el="74" ec="2" bec="0" bev="0" fileid="14" />
                <SequencePoint vc="2" uspid="75" ordinal="9" sl="75" sc="1" el="75" ec="2" bec="0" bev="0" fileid="14" />
                <SequencePoint vc="2" uspid="76" ordinal="10" sl="76" sc="1" el="76" ec="2" bec="0" bev="0" fileid="14" />
                <SequencePoint vc="2" uspid="78" ordinal="11" sl="78" sc="1" el="78" ec="2" bec="2" bev="2" fileid="14" />
                <SequencePoint vc="2" uspid="79" ordinal="12" sl="79" sc="1" el="79" ec="2" bec="0" bev="0" fileid="14" />
                <SequencePoint vc="2" uspid="80" ordinal="13" sl="80" sc="1" el="80" ec="2" bec="0" bev="0" fileid="14" />
                <SequencePoint vc="2" uspid="81" ordinal="14" sl="81" sc="1" el="81" ec="2" bec="4" bev="4" fileid="14" />
                <SequencePoint vc="1" uspid="82" ordinal="15" sl="82" sc="1" el="82" ec="2" bec="0" bev="0" fileid="14" />
                <SequencePoint vc="1" uspid="83" ordinal="16" sl="83" sc="1" el="83" ec="2" bec="0" bev="0" fileid="14" />
                <SequencePoint vc="1" uspid="84" ordinal="17" sl="84" sc="1" el="84" ec="2" bec="0" bev="0" fileid="14" />
                <SequencePoint vc="2" uspid="85" ordinal="18" sl="85" sc="1" el="85" ec="2" bec="0" bev="0" fileid="14" />
                <SequencePoint vc="2" uspid="87" ordinal="19" sl="87" sc="1" el="87" ec="2" bec="0" bev="0" fileid="14" />
                <SequencePoint vc="2" uspid="88" ordinal="20" sl="88" sc="1" el="88" ec="2" bec="0" bev="0" fileid="14" />
              </SequencePoints>
              <BranchPoints>
                <BranchPoint vc="1" uspid="67" ordinal="0" path="0" offset="233" offsetend="235" sl="67" fileid="14" />
                <BranchPoint vc="2" uspid="67" ordinal="1" path="1" offset="233" offsetend="246" sl="67" fileid="14" />
                <BranchPoint vc="2" uspid="73" ordinal="2" path="0" offset="341" offsetend="343" sl="73" fileid="14" />
                <BranchPoint vc="2" uspid="73" ordinal="3" path="1" offset="341" offsetend="363" sl="73" fileid="14" />
                <BranchPoint vc="2" uspid="78" ordinal="4" path="0" offset="381" offsetend="386" sl="78" fileid="14" />
                <BranchPoint vc="1" uspid="81" ordinal="6" path="0" offset="648" offsetend="650" sl="81" fileid="14" />
                <BranchPoint vc="1" uspid="81" ordinal="7" path="1" offset="648" offsetend="674" sl="81" fileid="14" />
                <BranchPoint vc="1" uspid="81" ordinal="8" path="0" offset="679" offsetend="681" sl="81" fileid="14" />
                <BranchPoint vc="2" uspid="81" ordinal="9" path="1" offset="679" offsetend="701" sl="81" fileid="14" />
                <BranchPoint vc="2" uspid="78" ordinal="5" path="1" offset="381" offsetend="709" sl="78" fileid="14" />
              </BranchPoints>
              <MethodPoint vc="21" uspid="0" p8:type="SequencePoint" ordinal="0" offset="0" sc="0" sl="64" ec="1" el="88" bec="0" bev="0" fileid="14" xmlns:p8="xsi" />
            </Method>
          </Methods>
        </Class>
        <Class>
          <Summary numSequencePoints="12" visitedSequencePoints="12" numBranchPoints="4" visitedBranchPoints="4" sequenceCoverage="100" branchCoverage="100" maxCyclomaticComplexity="4" minCyclomaticComplexity="4" visitedClasses="1" numClasses="1" visitedMethods="1" numMethods="1" />
          <FullName>SpeedClaim.Api.Services.UserService/&lt;UpdateUserRoleAsync&gt;d__15</FullName>
          <Methods>
            <Method cyclomaticComplexity="4" nPathComplexity="4" sequenceCoverage="100" branchCoverage="100" isConstructor="False" isGetter="False" isSetter="False" isStatic="True">
              <Summary numSequencePoints="12" visitedSequencePoints="12" numBranchPoints="4" visitedBranchPoints="4" sequenceCoverage="100" branchCoverage="100" maxCyclomaticComplexity="4" minCyclomaticComplexity="4" visitedClasses="0" numClasses="0" visitedMethods="1" numMethods="1" />
              <MetadataToken />
              <Name>System.Void SpeedClaim.Api.Services.UserService/&lt;UpdateUserRoleAsync&gt;d__15::MoveNext()</Name>
              <FileRef uid="14" />
              <SequencePoints>
                <SequencePoint vc="3" uspid="278" ordinal="0" sl="278" sc="1" el="278" ec="2" bec="0" bev="0" fileid="14" />
                <SequencePoint vc="3" uspid="279" ordinal="1" sl="279" sc="1" el="279" ec="2" bec="0" bev="0" fileid="14" />
                <SequencePoint vc="3" uspid="280" ordinal="2" sl="280" sc="1" el="280" ec="2" bec="0" bev="0" fileid="14" />
                <SequencePoint vc="4" uspid="281" ordinal="3" sl="281" sc="1" el="281" ec="2" bec="2" bev="2" fileid="14" />
                <SequencePoint vc="2" uspid="283" ordinal="4" sl="283" sc="1" el="283" ec="2" bec="2" bev="2" fileid="14" />
                <SequencePoint vc="1" uspid="284" ordinal="5" sl="284" sc="1" el="284" ec="2" bec="0" bev="0" fileid="14" />
                <SequencePoint vc="1" uspid="285" ordinal="6" sl="285" sc="1" el="285" ec="2" bec="0" bev="0" fileid="14" />
                <SequencePoint vc="1" uspid="286" ordinal="7" sl="286" sc="1" el="286" ec="2" bec="0" bev="0" fileid="14" />
                <SequencePoint vc="1" uspid="287" ordinal="8" sl="287" sc="1" el="287" ec="2" bec="0" bev="0" fileid="14" />
                <SequencePoint vc="1" uspid="289" ordinal="9" sl="289" sc="1" el="289" ec="2" bec="0" bev="0" fileid="14" />
                <SequencePoint vc="1" uspid="290" ordinal="10" sl="290" sc="1" el="290" ec="2" bec="0" bev="0" fileid="14" />
                <SequencePoint vc="1" uspid="292" ordinal="11" sl="292" sc="1" el="292" ec="2" bec="0" bev="0" fileid="14" />
              </SequencePoints>
              <BranchPoints>
                <BranchPoint vc="1" uspid="281" ordinal="0" path="0" offset="195" offsetend="197" sl="281" fileid="14" />
                <BranchPoint vc="2" uspid="281" ordinal="1" path="1" offset="195" offsetend="208" sl="281" fileid="14" />
                <BranchPoint vc="1" uspid="283" ordinal="2" path="0" offset="229" offsetend="234" sl="283" fileid="14" />
                <BranchPoint vc="1" uspid="283" ordinal="3" path="1" offset="229" offsetend="362" sl="283" fileid="14" />
              </BranchPoints>
              <MethodPoint vc="12" uspid="0" p8:type="SequencePoint" ordinal="0" offset="0" sc="0" sl="278" ec="1" el="292" bec="0" bev="0" fileid="14" xmlns:p8="xsi" />
            </Method>
          </Methods>
        </Class>
        <Class>
          <Summary numSequencePoints="29" visitedSequencePoints="29" numBranchPoints="4" visitedBranchPoints="4" sequenceCoverage="100" branchCoverage="100" maxCyclomaticComplexity="4" minCyclomaticComplexity="4" visitedClasses="1" numClasses="1" visitedMethods="1" numMethods="1" />
          <FullName>SpeedClaim.Api.Services.UserService/&lt;UploadKycDocumentsAsync&gt;d__8</FullName>
          <Methods>
            <Method cyclomaticComplexity="4" nPathComplexity="4" sequenceCoverage="100" branchCoverage="100" isConstructor="False" isGetter="False" isSetter="False" isStatic="True">
              <Summary numSequencePoints="29" visitedSequencePoints="29" numBranchPoints="4" visitedBranchPoints="4" sequenceCoverage="100" branchCoverage="100" maxCyclomaticComplexity="4" minCyclomaticComplexity="4" visitedClasses="0" numClasses="0" visitedMethods="1" numMethods="1" />
              <MetadataToken />
              <Name>System.Void SpeedClaim.Api.Services.UserService/&lt;UploadKycDocumentsAsync&gt;d__8::MoveNext()</Name>
              <FileRef uid="14" />
              <SequencePoints>
                <SequencePoint vc="3" uspid="138" ordinal="0" sl="138" sc="1" el="138" ec="2" bec="0" bev="0" fileid="14" />
                <SequencePoint vc="3" uspid="139" ordinal="1" sl="139" sc="1" el="139" ec="2" bec="0" bev="0" fileid="14" />
                <SequencePoint vc="3" uspid="140" ordinal="2" sl="140" sc="1" el="140" ec="2" bec="0" bev="0" fileid="14" />
                <SequencePoint vc="3" uspid="141" ordinal="3" sl="141" sc="1" el="141" ec="2" bec="2" bev="2" fileid="14" />
                <SequencePoint vc="2" uspid="142" ordinal="4" sl="142" sc="1" el="142" ec="2" bec="0" bev="0" fileid="14" />
                <SequencePoint vc="2" uspid="143" ordinal="5" sl="143" sc="1" el="143" ec="2" bec="0" bev="0" fileid="14" />
                <SequencePoint vc="2" uspid="144" ordinal="6" sl="144" sc="1" el="144" ec="2" bec="0" bev="0" fileid="14" />
                <SequencePoint vc="2" uspid="145" ordinal="7" sl="145" sc="1" el="145" ec="2" bec="0" bev="0" fileid="14" />
                <SequencePoint vc="2" uspid="146" ordinal="8" sl="146" sc="1" el="146" ec="2" bec="0" bev="0" fileid="14" />
                <SequencePoint vc="2" uspid="147" ordinal="9" sl="147" sc="1" el="147" ec="2" bec="0" bev="0" fileid="14" />
                <SequencePoint vc="2" uspid="148" ordinal="10" sl="148" sc="1" el="148" ec="2" bec="0" bev="0" fileid="14" />
                <SequencePoint vc="2" uspid="149" ordinal="11" sl="149" sc="1" el="149" ec="2" bec="0" bev="0" fileid="14" />
                <SequencePoint vc="2" uspid="150" ordinal="12" sl="150" sc="1" el="150" ec="2" bec="0" bev="0" fileid="14" />
                <SequencePoint vc="2" uspid="151" ordinal="13" sl="151" sc="1" el="151" ec="2" bec="0" bev="0" fileid="14" />
                <SequencePoint vc="1" uspid="153" ordinal="14" sl="153" sc="1" el="153" ec="2" bec="0" bev="0" fileid="14" />
                <SequencePoint vc="1" uspid="154" ordinal="15" sl="154" sc="1" el="154" ec="2" bec="0" bev="0" fileid="14" />
                <SequencePoint vc="1" uspid="155" ordinal="16" sl="155" sc="1" el="155" ec="2" bec="0" bev="0" fileid="14" />
                <SequencePoint vc="1" uspid="156" ordinal="17" sl="156" sc="1" el="156" ec="2" bec="0" bev="0" fileid="14" />
                <SequencePoint vc="1" uspid="157" ordinal="18" sl="157" sc="1" el="157" ec="2" bec="0" bev="0" fileid="14" />
                <SequencePoint vc="1" uspid="158" ordinal="19" sl="158" sc="1" el="158" ec="2" bec="0" bev="0" fileid="14" />
                <SequencePoint vc="3" uspid="160" ordinal="20" sl="160" sc="1" el="160" ec="2" bec="0" bev="0" fileid="14" />
                <SequencePoint vc="3" uspid="161" ordinal="21" sl="161" sc="1" el="161" ec="2" bec="0" bev="0" fileid="14" />
                <SequencePoint vc="3" uspid="163" ordinal="22" sl="163" sc="1" el="163" ec="2" bec="2" bev="2" fileid="14" />
                <SequencePoint vc="1" uspid="164" ordinal="23" sl="164" sc="1" el="164" ec="2" bec="0" bev="0" fileid="14" />
                <SequencePoint vc="1" uspid="165" ordinal="24" sl="165" sc="1" el="165" ec="2" bec="0" bev="0" fileid="14" />
                <SequencePoint vc="1" uspid="166" ordinal="25" sl="166" sc="1" el="166" ec="2" bec="0" bev="0" fileid="14" />
                <SequencePoint vc="1" uspid="167" ordinal="26" sl="167" sc="1" el="167" ec="2" bec="0" bev="0" fileid="14" />
                <SequencePoint vc="3" uspid="169" ordinal="27" sl="169" sc="1" el="169" ec="2" bec="0" bev="0" fileid="14" />
                <SequencePoint vc="3" uspid="170" ordinal="28" sl="170" sc="1" el="170" ec="2" bec="0" bev="0" fileid="14" />
              </SequencePoints>
              <BranchPoints>
                <BranchPoint vc="2" uspid="141" ordinal="0" path="0" offset="346" offsetend="351" sl="141" fileid="14" />
                <BranchPoint vc="1" uspid="141" ordinal="1" path="1" offset="346" offsetend="548" sl="141" fileid="14" />
                <BranchPoint vc="1" uspid="163" ordinal="2" path="0" offset="902" offsetend="907" sl="163" fileid="14" />
                <BranchPoint vc="3" uspid="163" ordinal="3" path="1" offset="902" offsetend="1170" sl="163" fileid="14" />
              </BranchPoints>
              <MethodPoint vc="29" uspid="0" p8:type="SequencePoint" ordinal="0" offset="0" sc="0" sl="138" ec="1" el="170" bec="0" bev="0" fileid="14" xmlns:p8="xsi" />
            </Method>
          </Methods>
        </Class>
      </Classes>
    </Module>
  </Modules>
</CoverageSession>